[    0.000000] Linux version 4.10.0-26-generic (buildd@lcy01-09) (gcc version 6.3.0 20170406 (Ubuntu 6.3.0-12ubuntu2) ) #30-Ubuntu SMP Tue Jun 27 09:30:12 UTC 2017 (Ubuntu 4.10.0-26.30-generic 4.10.17)
[    0.000000] Command line: BOOT_IMAGE=/boot/vmlinuz-4.10.0-26-generic root=LABEL=cloudimg-rootfs ro console=tty1 console=ttyS0
[    0.000000] KERNEL supported cpus:
[    0.000000]   Intel GenuineIntel
[    0.000000]   AMD AuthenticAMD
[    0.000000]   Centaur CentaurHauls
[    0.000000] x86/fpu: Supporting XSAVE feature 0x001: 'x87 floating point registers'
[    0.000000] x86/fpu: Supporting XSAVE feature 0x002: 'SSE registers'
[    0.000000] x86/fpu: Supporting XSAVE feature 0x004: 'AVX registers'
[    0.000000] x86/fpu: xstate_offset[2]:  576, xstate_sizes[2]:  256
[    0.000000] x86/fpu: Enabled xstate features 0x7, context size is 832 bytes, using 'standard' format.
[    0.000000] e820: BIOS-provided physical RAM map:
[    0.000000] BIOS-e820: [mem 0x0000000000000000-0x000000000009fbff] usable
[    0.000000] BIOS-e820: [mem 0x000000000009fc00-0x000000000009ffff] reserved
[    0.000000] BIOS-e820: [mem 0x00000000000f0000-0x00000000000fffff] reserved
[    0.000000] BIOS-e820: [mem 0x0000000000100000-0x000000007ffeffff] usable
[    0.000000] BIOS-e820: [mem 0x000000007fff0000-0x000000007fffffff] ACPI data
[    0.000000] BIOS-e820: [mem 0x00000000fec00000-0x00000000fec00fff] reserved
[    0.000000] BIOS-e820: [mem 0x00000000fee00000-0x00000000fee00fff] reserved
[    0.000000] BIOS-e820: [mem 0x00000000fffc0000-0x00000000ffffffff] reserved
[    0.000000] NX (Execute Disable) protection: active
[    0.000000] SMBIOS 2.5 present.
[    0.000000] DMI: innotek GmbH VirtualBox/VirtualBox, BIOS VirtualBox 12/01/2006
[    0.000000] Hypervisor detected: KVM
[    0.000000] e820: last_pfn = 0x7fff0 max_arch_pfn = 0x400000000
[    0.000000] MTRR: Disabled
[    0.000000] x86/PAT: MTRRs disabled, skipping PAT initialization too.
[    0.000000] x86/PAT: Configuration [0-7]: WB  WT  UC- UC  WB  WT  UC- UC  
[    0.000000] CPU MTRRs all blank - virtualized system.
[    0.000000] found SMP MP-table at [mem 0x0009fff0-0x0009ffff] mapped at [ffff8ad3c009fff0]
[    0.000000] Scanning 1 areas for low memory corruption
[    0.000000] RAMDISK: [mem 0x36973000-0x374b0fff]
[    0.000000] ACPI: Early table checksum verification disabled
[    0.000000] ACPI: RSDP 0x00000000000E0000 000024 (v02 VBOX  )
[    0.000000] ACPI: XSDT 0x000000007FFF0030 00003C (v01 VBOX   VBOXXSDT 00000001 ASL  00000061)
[    0.000000] ACPI: FACP 0x000000007FFF00F0 0000F4 (v04 VBOX   VBOXFACP 00000001 ASL  00000061)
[    0.000000] ACPI: DSDT 0x000000007FFF0470 0021C8 (v02 VBOX   VBOXBIOS 00000002 INTL 20100528)
[    0.000000] ACPI: FACS 0x000000007FFF0200 000040
[    0.000000] ACPI: FACS 0x000000007FFF0200 000040
[    0.000000] ACPI: APIC 0x000000007FFF0240 00005C (v02 VBOX   VBOXAPIC 00000001 ASL  00000061)
[    0.000000] ACPI: SSDT 0x000000007FFF02A0 0001CC (v01 VBOX   VBOXCPUT 00000002 INTL 20100528)
[    0.000000] No NUMA configuration found
[    0.000000] Faking a node at [mem 0x0000000000000000-0x000000007ffeffff]
[    0.000000] NODE_DATA(0) allocated [mem 0x7ffc5000-0x7ffeffff]
[    0.000000] kvm-clock: Using msrs 4b564d01 and 4b564d00
[    0.000000] kvm-clock: cpu 0, msr 0:7ff45001, primary cpu clock
[    0.000000] kvm-clock: using sched offset of 3131969957 cycles
[    0.000000] clocksource: kvm-clock: mask: 0xffffffffffffffff max_cycles: 0x1cd42e4dffb, max_idle_ns: 881590591483 ns
[    0.000000] Zone ranges:
[    0.000000]   DMA      [mem 0x0000000000001000-0x0000000000ffffff]
[    0.000000]   DMA32    [mem 0x0000000001000000-0x000000007ffeffff]
[    0.000000]   Normal   empty
[    0.000000]   Device   empty
[    0.000000] Movable zone start for each node
[    0.000000] Early memory node ranges
[    0.000000]   node   0: [mem 0x0000000000001000-0x000000000009efff]
[    0.000000]   node   0: [mem 0x0000000000100000-0x000000007ffeffff]
[    0.000000] Initmem setup node 0 [mem 0x0000000000001000-0x000000007ffeffff]
[    0.000000] ACPI: PM-Timer IO Port: 0x4008
[    0.000000] IOAPIC[0]: apic_id 2, version 32, address 0xfec00000, GSI 0-23
[    0.000000] ACPI: INT_SRC_OVR (bus 0 bus_irq 0 global_irq 2 dfl dfl)
[    0.000000] ACPI: INT_SRC_OVR (bus 0 bus_irq 9 global_irq 9 high level)
[    0.000000] Using ACPI (MADT) for SMP configuration information
[    0.000000] smpboot: Allowing 2 CPUs, 0 hotplug CPUs
[    0.000000] PM: Registered nosave memory: [mem 0x00000000-0x00000fff]
[    0.000000] PM: Registered nosave memory: [mem 0x0009f000-0x0009ffff]
[    0.000000] PM: Registered nosave memory: [mem 0x000a0000-0x000effff]
[    0.000000] PM: Registered nosave memory: [mem 0x000f0000-0x000fffff]
[    0.000000] e820: [mem 0x80000000-0xfebfffff] available for PCI devices
[    0.000000] Booting paravirtualized kernel on KVM
[    0.000000] clocksource: refined-jiffies: mask: 0xffffffff max_cycles: 0xffffffff, max_idle_ns: 7645519600211568 ns
[    0.000000] setup_percpu: NR_CPUS:8192 nr_cpumask_bits:2 nr_cpu_ids:2 nr_node_ids:1
[    0.000000] percpu: Embedded 36 pages/cpu @ffff8ad43fc00000 s107992 r8192 d31272 u1048576
[    0.000000] PV qspinlock hash table entries: 256 (order: 0, 4096 bytes)
[    0.000000] Built 1 zonelists in Node order, mobility grouping on.  Total pages: 515961
[    0.000000] Policy zone: DMA32
[    0.000000] Kernel command line: BOOT_IMAGE=/boot/vmlinuz-4.10.0-26-generic root=LABEL=cloudimg-rootfs ro console=tty1 console=ttyS0
[    0.000000] PID hash table entries: 4096 (order: 3, 32768 bytes)
[    0.000000] Memory: 2030604K/2096696K available (9083K kernel code, 1666K rwdata, 3816K rodata, 2232K init, 2364K bss, 66092K reserved, 0K cma-reserved)
[    0.000000] SLUB: HWalign=64, Order=0-3, MinObjects=0, CPUs=2, Nodes=1
[    0.000000] Hierarchical RCU implementation.
[    0.000000] 	Build-time adjustment of leaf fanout to 64.
[    0.000000] 	RCU restricting CPUs from NR_CPUS=8192 to nr_cpu_ids=2.
[    0.000000] RCU: Adjusting geometry for rcu_fanout_leaf=64, nr_cpu_ids=2
[    0.000000] NR_IRQS:524544 nr_irqs:440 16
[    0.000000] Console: colour VGA+ 80x25
[    0.000000] console [tty1] enabled
[    0.000000] console [ttyS0] enabled
[    0.000000] tsc: Detected 2494.316 MHz processor
[    0.730830] Calibrating delay loop (skipped) preset value.. 4988.63 BogoMIPS (lpj=9977264)
[    0.733116] pid_max: default: 32768 minimum: 301
[    0.741192] ACPI: Core revision 20160930
[    0.743480] ACPI: 2 ACPI AML tables successfully acquired and loaded
[    0.758655] Security Framework initialized
[    0.759911] Yama: becoming mindful.
[    0.762925] AppArmor: AppArmor initialized
[    0.765505] Dentry cache hash table entries: 262144 (order: 9, 2097152 bytes)
[    0.774022] Inode-cache hash table entries: 131072 (order: 8, 1048576 bytes)
[    0.781646] Mount-cache hash table entries: 4096 (order: 3, 32768 bytes)
[    0.793932] Mountpoint-cache hash table entries: 4096 (order: 3, 32768 bytes)
[    0.800978] CPU: Physical Processor ID: 0
[    0.810827] CPU: Processor Core ID: 0
[    0.817135] mce: CPU supports 0 MCE banks
[    0.823772] Last level iTLB entries: 4KB 512, 2MB 8, 4MB 8
[    0.862950] Last level dTLB entries: 4KB 512, 2MB 32, 4MB 32, 1GB 0
[    0.869321] Freeing SMP alternatives memory: 32K
[    0.876737] ftrace: allocating 34179 entries in 134 pages
[    0.897198] smpboot: Max logical packages: 1
[    0.917720] x2apic enabled
[    0.925750] Switched APIC routing to physical x2apic.
[    0.933649] ..TIMER: vector=0x30 apic1=0 pin1=2 apic2=-1 pin2=-1
[    1.046311] smpboot: CPU0: Intel(R) Core(TM) i7-3667U CPU @ 2.00GHz (family: 0x6, model: 0x3a, stepping: 0x9)
[    1.053822] Performance Events: unsupported p6 CPU model 58 no PMU driver, software events only.
[    1.063276] KVM setup paravirtual spinlock
[    1.070279] smp: Bringing up secondary CPUs ...
[    1.073690] x86: Booting SMP configuration:
[    1.093048] .... node  #0, CPUs:      #1
[    1.093309] kvm-clock: cpu 1, msr 0:7ff45041, secondary cpu clock
[    1.103330] mce: CPU supports 0 MCE banks
[    1.106377] smp: Brought up 1 node, 2 CPUs
[    1.118192] smpboot: Total of 2 processors activated (9977.26 BogoMIPS)
[    1.128631] devtmpfs: initialized
[    1.160195] x86/mm: Memory block size: 128MB
[    1.170635] evm: security.selinux
[    1.191526] evm: security.SMACK64
[    1.203113] evm: security.SMACK64EXEC
[    1.209384] evm: security.SMACK64TRANSMUTE
[    1.216994] evm: security.SMACK64MMAP
[    1.224368] evm: security.ima
[    1.230712] evm: security.capability
[    1.237219] clocksource: jiffies: mask: 0xffffffff max_cycles: 0xffffffff, max_idle_ns: 7645041785100000 ns
[    1.252086] futex hash table entries: 512 (order: 3, 32768 bytes)
[    1.273007] pinctrl core: initialized pinctrl subsystem
[    1.279390] RTC time: 18:02:47, date: 07/10/17
[    1.286047] NET: Registered protocol family 16
[    1.303143] cpuidle: using governor ladder
[    1.323030] cpuidle: using governor menu
[    1.329828] PCCT header not found.
[    1.335221] ACPI: bus type PCI registered
[    1.341536] acpiphp: ACPI Hot Plug PCI Controller Driver version: 0.5
[    1.352038] PCI: Using configuration type 1 for base access
[    1.383170] HugeTLB registered 2 MB page size, pre-allocated 0 pages
[    1.391842] ACPI: Added _OSI(Module Device)
[    1.401762] ACPI: Added _OSI(Processor Device)
[    1.411532] ACPI: Added _OSI(3.0 _SCP Extensions)
[    1.420229] ACPI: Added _OSI(Processor Aggregator Device)
[    1.427288] ACPI: Executed 1 blocks of module-level executable AML code
[    1.436156] ACPI: Interpreter enabled
[    1.442582] ACPI: (supports S0 S5)
[    1.453721] ACPI: Using IOAPIC for interrupt routing
[    1.466086] PCI: Using host bridge windows from ACPI; if necessary, use "pci=nocrs" and report a bug
[    1.488939] ACPI: PCI Root Bridge [PCI0] (domain 0000 [bus 00-ff])
[    1.511967] acpi PNP0A03:00: _OSC: OS supports [ASPM ClockPM Segments MSI]
[    1.514001] acpi PNP0A03:00: _OSC failed (AE_NOT_FOUND); disabling ASPM
[    1.537184] acpi PNP0A03:00: fail to add MMCONFIG information, can't access extended PCI configuration space under this bridge.
[    1.616853] PCI host bridge to bus 0000:00
[    1.628449] pci_bus 0000:00: root bus resource [io  0x0000-0x0cf7 window]
[    1.634323] pci_bus 0000:00: root bus resource [io  0x0d00-0xffff window]
[    1.641067] pci_bus 0000:00: root bus resource [mem 0x000a0000-0x000bffff window]
[    1.650025] pci_bus 0000:00: root bus resource [mem 0x80000000-0xffdfffff window]
[    1.657120] pci_bus 0000:00: root bus resource [bus 00-ff]
[    1.675427] pci 0000:00:01.1: legacy IDE quirk: reg 0x10: [io  0x01f0-0x01f7]
[    1.682346] pci 0000:00:01.1: legacy IDE quirk: reg 0x14: [io  0x03f6]
[    1.706609] pci 0000:00:01.1: legacy IDE quirk: reg 0x18: [io  0x0170-0x0177]
[    1.730676] pci 0000:00:01.1: legacy IDE quirk: reg 0x1c: [io  0x0376]
[    1.776049] pci 0000:00:07.0: quirk: [io  0x4000-0x403f] claimed by PIIX4 ACPI
[    1.785680] pci 0000:00:07.0: quirk: [io  0x4100-0x410f] claimed by PIIX4 SMB
[    1.806257] ACPI: PCI Interrupt Link [LNKA] (IRQs 5 9 10 *11)
[    1.813398] ACPI: PCI Interrupt Link [LNKB] (IRQs 5 9 10 *11)
[    1.829357] ACPI: PCI Interrupt Link [LNKC] (IRQs 5 9 *10 11)
[    1.836495] ACPI: PCI Interrupt Link [LNKD] (IRQs 5 *9 10 11)
[    1.848685] ACPI: Enabled 2 GPEs in block 00 to 07
[    1.857212] SCSI subsystem initialized
[    1.876742] pci 0000:00:02.0: vgaarb: setting as boot VGA device
[    1.880631] pci 0000:00:02.0: vgaarb: VGA device added: decodes=io+mem,owns=io+mem,locks=none
[    1.893356] pci 0000:00:02.0: vgaarb: bridge control possible
[    1.918463] vgaarb: loaded
[    1.936069] ACPI: bus type USB registered
[    1.946507] usbcore: registered new interface driver usbfs
[    1.953015] usbcore: registered new interface driver hub
[    1.967604] usbcore: registered new device driver usb
[    1.970743] PCI: Using ACPI for IRQ routing
[    1.977386] NetLabel: Initializing
[    1.983751] NetLabel:  domain hash size = 128
[    1.984731] NetLabel:  protocols = UNLABELED CIPSOv4 CALIPSO
[    1.986043] NetLabel:  unlabeled traffic allowed by default
[    1.994403] clocksource: Switched to clocksource kvm-clock
[    2.025442] VFS: Disk quotas dquot_6.6.0
[    2.027593] VFS: Dquot-cache hash table entries: 512 (order 0, 4096 bytes)
[    2.037818] AppArmor: AppArmor Filesystem Enabled
[    2.065085] pnp: PnP ACPI init
[    2.072803] pnp: PnP ACPI: found 3 devices
[    2.090098] clocksource: acpi_pm: mask: 0xffffff max_cycles: 0xffffff, max_idle_ns: 2085701024 ns
[    2.097893] NET: Registered protocol family 2
[    2.146046] TCP established hash table entries: 16384 (order: 5, 131072 bytes)
[    2.152186] TCP bind hash table entries: 16384 (order: 6, 262144 bytes)
[    2.158968] TCP: Hash tables configured (established 16384 bind 16384)
[    2.173548] UDP hash table entries: 1024 (order: 3, 32768 bytes)
[    2.180178] UDP-Lite hash table entries: 1024 (order: 3, 32768 bytes)
[    2.201508] NET: Registered protocol family 1
[    2.208010] pci 0000:00:00.0: Limiting direct PCI/PCI transfers
[    2.220954] pci 0000:00:01.0: Activating ISA DMA hang workarounds
[    2.247932] pci 0000:00:02.0: Video device with shadowed ROM at [mem 0x000c0000-0x000dffff]
[    2.271679] Unpacking initramfs...
[    4.240601] Freeing initrd memory: 11512K
[    4.264031] platform rtc_cmos: registered platform RTC device (no PNP device found)
[    4.274689] Scanning for low memory corruption every 60 seconds
[    4.276886] audit: initializing netlink subsys (disabled)
[    4.284068] audit: type=2000 audit(1499709773.906:1): initialized
[    4.284324] Initialise system trusted keyrings
[    4.284404] workingset: timestamp_bits=36 max_order=19 bucket_order=0
[    4.285890] zbud: loaded
[    4.286303] squashfs: version 4.0 (2009/01/31) Phillip Lougher
[    4.286510] fuse init (API version 7.26)
[    4.287299] Key type asymmetric registered
[    4.287300] Asymmetric key parser 'x509' registered
[    4.287329] Block layer SCSI generic (bsg) driver version 0.4 loaded (major 248)
[    4.287356] io scheduler noop registered
[    4.287356] io scheduler deadline registered
[    4.287363] io scheduler cfq registered (default)
[    4.388105] ACPI: AC Adapter [AC] (off-line)
[    4.412519] input: Power Button as /devices/LNXSYSTM:00/LNXPWRBN:00/input/input0
[    4.422591] ACPI: Power Button [PWRF]
[    4.423575] input: Sleep Button as /devices/LNXSYSTM:00/LNXSLPBN:00/input/input1
[    4.433445] ACPI: Sleep Button [SLPF]
[    4.464166] ACPI: Battery Slot [BAT0] (battery present)
[    4.473143] GHES: HEST is not enabled!
[    4.474166] Serial: 8250/16550 driver, 32 ports, IRQ sharing enabled
[    4.527146] 00:02: ttyS0 at I/O 0x3f8 (irq = 4, base_baud = 115200) is a 16550A
[    4.566145] Linux agpgart interface v0.103
[    4.607253] loop: module loaded
[    4.684030] scsi host0: ata_piix
[    4.736921] scsi host1: ata_piix
[    4.753731] ata1: PATA max UDMA/33 cmd 0x1f0 ctl 0x3f6 bmdma 0xd000 irq 14
[    4.784117] ata2: PATA max UDMA/33 cmd 0x170 ctl 0x376 bmdma 0xd008 irq 15
[    4.808011] libphy: Fixed MDIO Bus: probed
[    4.837569] tun: Universal TUN/TAP device driver, 1.6
[    4.893610] tun: (C) 1999-2004 Max Krasnyansky <maxk@qualcomm.com>
[    4.895748] PPP generic driver version 2.4.2
[    4.904464] ehci_hcd: USB 2.0 'Enhanced' Host Controller (EHCI) Driver
[    4.918311] ehci-pci: EHCI PCI platform driver
[    4.928644] ehci-platform: EHCI generic platform driver
[    4.945877] ohci_hcd: USB 1.1 'Open' Host Controller (OHCI) Driver
[    4.950858] ohci-pci: OHCI PCI platform driver
[    4.954784] ohci-platform: OHCI generic platform driver
[    4.959546] uhci_hcd: USB Universal Host Controller Interface driver
[    4.964533] i8042: PNP: PS/2 Controller [PNP0303:PS2K,PNP0f03:PS2M] at 0x60,0x64 irq 1,12
[    4.976695] serio: i8042 KBD port at 0x60,0x64 irq 1
[    4.980025] serio: i8042 AUX port at 0x60,0x64 irq 12
[    4.984401] mousedev: PS/2 mouse device common for all mice
[    4.993262] input: AT Translated Set 2 keyboard as /devices/platform/i8042/serio0/input/input2
[    5.005200] rtc_cmos rtc_cmos: rtc core: registered rtc_cmos as rtc0
[    5.050378] rtc_cmos rtc_cmos: alarms up to one day, 114 bytes nvram
[    5.055381] i2c /dev entries driver
[    5.059492] device-mapper: uevent: version 1.0.3
[    5.067047] device-mapper: ioctl: 4.35.0-ioctl (2016-06-23) initialised: dm-devel@redhat.com
[    5.085379] ledtrig-cpu: registered to indicate activity on CPUs
[    5.087270] NET: Registered protocol family 10
[    5.096478] Segment Routing with IPv6
[    5.104994] NET: Registered protocol family 17
[    5.111712] Key type dns_resolver registered
[    5.118417] registered taskstats version 1
[    5.119477] Loading compiled-in X.509 certificates
[    5.165823] Loaded X.509 cert 'Build time autogenerated kernel key: eae8fa5ee6c91603c031c81226b2df4b135df7d2'
[    5.177594] zswap: loaded using pool lzo/zbud
[    5.187810] Key type big_key registered
[    5.249317] Key type trusted registered
[    5.265161] Key type encrypted registered
[    5.267569] AppArmor: AppArmor sha1 policy hashing enabled
[    5.268750] ima: No TPM chip found, activating TPM-bypass! (rc=-19)
[    5.270078] evm: HMAC attrs: 0x1
[    5.271263]   Magic number: 9:627:38
[    5.289946] tsc: Refined TSC clocksource calibration: 2493.415 MHz
[    5.304027] clocksource: tsc: mask: 0xffffffffffffffff max_cycles: 0x23f0eced948, max_idle_ns: 440795215388 ns
[    5.306814] bdi 7:3: hash matches
[    5.320086] rtc_cmos rtc_cmos: setting system clock to 2017-07-10 18:02:51 UTC (1499709771)
[    5.362560] BIOS EDD facility v0.16 2004-Jun-25, 0 devices found
[    5.362560] EDD information not available.
[    5.455797] Freeing unused kernel memory: 2232K
[    5.477286] Write protecting the kernel read-only data: 14336k
[    5.484417] Freeing unused kernel memory: 1140K
[    5.487379] Freeing unused kernel memory: 280K
[    5.498315] x86/mm: Checked W+X mappings: passed, no W+X pages found.
Loading, please wait...
starting version[    5.516929] random: systemd-udevd: uninitialized urandom read (16 bytes read)
 232
[    5.520931] random: udevadm: uninitialized urandom read (16 bytes read)
[    5.520967] random: udevadm: uninitialized urandom read (16 bytes read)
[    5.521524] random: udevadm: uninitialized urandom read (16 bytes read)
[    5.521581] random: udevadm: uninitialized urandom read (16 bytes read)
[    5.521594] random: udevadm: uninitialized urandom read (16 bytes read)
[    5.521799] random: udevadm: uninitialized urandom read (16 bytes read)
[    5.521848] random: udevadm: uninitialized urandom read (16 bytes read)
[    5.521918] random: udevadm: uninitialized urandom read (16 bytes read)
[    5.521975] random: udevadm: uninitialized urandom read (16 bytes read)
[    5.913026] e1000: Intel(R) PRO/1000 Network Driver - version 7.3.21-k8-NAPI
[    5.921039] e1000: Copyright (c) 1999-2006 Intel Corporation.
[    5.925549] Fusion MPT base driver 3.04.20
[    5.938730] Copyright (c) 1999-2008 LSI Corporation
[    5.963547] Fusion MPT SPI Host driver 3.04.20
[    5.979098] AVX version of gcm_enc/dec engaged.
[    5.981730] AES CTR mode by8 optimization enabled
[    6.182668] input: ImExPS/2 Generic Explorer Mouse as /devices/platform/i8042/serio1/input/input4
[    6.364994] e1000 0000:00:03.0 eth0: (PCI:33MHz:32-bit) 02:63:dc:46:41:2e
[    6.374411] e1000 0000:00:03.0 eth0: Intel(R) PRO/1000 Network Connection
[    6.390879] mptbase: ioc0: Initiating bringup
[    6.393910] e1000 0000:00:03.0 enp0s3: renamed from eth0
[    6.492475] ioc0: LSI53C1030 A0: Capabilities={Initiator}
[    6.753313] scsi host2: ioc0: LSI53C1030 A0, FwRev=00000000h, Ports=1, MaxQ=256, IRQ=20
[    6.932094] scsi 2:0:0:0: Direct-Access     VBOX     HARDDISK         1.0  PQ: 0 ANSI: 5
[    6.945054] scsi target2:0:0: Beginning Domain Validation
[    6.959203] scsi target2:0:0: Domain Validation skipping write tests
[    6.983514] scsi target2:0:0: Ending Domain Validation
[    6.990154] scsi target2:0:0: asynchronous
[    7.051489] scsi 2:0:1:0: Direct-Access     VBOX     HARDDISK         1.0  PQ: 0 ANSI: 5
[    7.058746] scsi target2:0:1: Beginning Domain Validation
[    7.060889] scsi target2:0:1: Domain Validation skipping write tests
[    7.066158] scsi target2:0:1: Ending Domain Validation
[    7.073051] scsi target2:0:1: asynchronous
[    7.128665] random: fast init done
[    7.144816] sd 2:0:0:0: [sda] 20971520 512-byte logical blocks: (10.7 GB/10.0 GiB)
[    7.153370] sd 2:0:0:0: Attached scsi generic sg0 type 0
[    7.155861] sd 2:0:0:0: [sda] Write Protect is off
[    7.156134] sd 2:0:1:0: [sdb] 20480 512-byte logical blocks: (10.5 MB/10.0 MiB)
[    7.156197] sd 2:0:1:0: [sdb] Write Protect is off
[    7.156317] sd 2:0:1:0: [sdb] Incomplete mode parameter data
[    7.156319] sd 2:0:1:0: [sdb] Assuming drive cache: write through
[    7.182815] sd 2:0:1:0: Attached scsi generic sg1 type 0
[    7.185057] sd 2:0:1:0: [sdb] Attached SCSI disk
[    7.256958] sd 2:0:0:0: [sda] Incomplete mode parameter data
[    7.258757] sd 2:0:0:0: [sda] Assuming drive cache: write through
[    7.266510]  sda: sda1
[    7.270610] sd 2:0:0:0: [sda] Attached SCSI disk
[    9.154948] floppy0: no floppy controllers found
Begin: Loading essential drivers ... [   10.618468] raid6: sse2x1   gen()  4090 MB/s
[   10.671545] raid6: sse2x1   xor()  5479 MB/s
[   10.734782] raid6: sse2x2   gen()  8943 MB/s
[   10.810766] raid6: sse2x2   xor()  7757 MB/s
[   10.885815] raid6: sse2x4   gen() 12057 MB/s
[   10.934707] raid6: sse2x4   xor()  8276 MB/s
[   10.947904] raid6: using algorithm sse2x4 gen() 12057 MB/s
[   10.971039] raid6: .... xor() 8276 MB/s, rmw enabled
[   10.973217] raid6: using ssse3x2 recovery algorithm
[   10.976618] xor: automatically using best checksumming function   avx       
[   10.982216] async_tx: api initialized (async)
done.
Begin: Running[   11.034263] Btrfs loaded, crc32c=crc32c-intel
 /scripts/init-premount ... done.
Begin: Mounting root file system ... Begin: Running /scripts/local-top ... done.
Begin: Running /scripts/loc[   11.059381] EXT4-fs (sda1): mounted filesystem with ordered data mode. Opts: (null)
al-premount ... Scanning for Btrfs filesystems
done.
Warning: fsck not present, so skipping root file system
done.
Begin: Running /scripts/local-bottom ... done.
Begin: Running /scripts/init-bottom ... /scripts/init-bottom/plymouth: line 18: /bin/plymouth: not found
done.
[   11.149820] ip_tables: (C) 2000-2006 Netfilter Core Team
[   11.164650] systemd[1]: systemd 232 running in system mode. (+PAM +AUDIT +SELINUX +IMA +APPARMOR +SMACK +SYSVINIT +UTMP +LIBCRYPTSETUP +GCRYPT +GNUTLS +ACL +XZ +LZ4 +SECCOMP +BLKID +ELFUTILS +KMOD +IDN)
[   11.173307] systemd[1]: Detected virtualization oracle.
[   11.175630] systemd[1]: Detected architecture x86-64.

Welcome to [1mUbuntu 17.04[0m!

[   11.227839] systemd[1]: Set hostname to <ubuntu>.
[   11.234885] systemd[1]: Initializing machine ID from random generator.
[   11.238382] systemd[1]: Installed transient /etc/machine-id file.
[   11.396147] systemd[1]: Listening on udev Kernel Socket.
[[0;32m  OK  [0m] Listening on udev Kernel Socket.
[   11.439442] systemd[1]: Started Forward Password Requests to Wall Directory Watch.
[[0;32m  OK  [0m] Started Forward Password Requests to Wall Directory Watch.
[   11.482841] systemd[1]: Listening on LVM2 metadata daemon socket.
[[0;32m  OK  [0m] Listening on LVM2 metadata daemon socket.
[   11.527301] systemd[1]: Listening on Journal Audit Socket.
[[0;32m  OK  [0m] Listening on Journal Audit Socket.
[[0;32m  OK  [0m] Listening on Journal Socket.
[[0;32m  OK  [0m] Created slice User and Session Slice.
[[0;32m  OK  [0m] Reached target User and Group Name Lookups.
[[0;32m  OK  [0m] Listening on LVM2 poll daemon socket.
[[0;32m  OK  [0m] Listening on Journal Socket (/dev/log).
[[0;32m  OK  [0m] Listening on Device-mapper event daemon FIFOs.
[[0;32m  OK  [0m] Reached target Swap.
[[0;32m  OK  [0m] Created slice System Slice.
         Starting Create list of required st…ce nodes for the current kernel...
         Starting Set the console keyboard layout...
         Starting Nameserver information manager...
         Mounting POSIX Message Queue File System...
         Mounting Huge Pages File System...
         Starting Remount[   11.836965] EXT4-fs (sda1): re-mounted. Opts: (null)
 Root and Kernel File Systems...
[[0;32m  OK  [0m] Reached target Slices.
         Starting Load Kernel Modules...
[[0;32m  OK  [0m] Created slic[   11.902336] Loading iSCSI transport class v2.0-870.
e system-serial\x2dgetty.slice.
[[0;32m  OK  [0m] Listening on[   11.915135] iscsi: registered transport (tcp)
 /dev/initctl Compatibility Named Pipe.
         Mountin[   11.936441] iscsi: registered transport (iser)
g Debug File System...
         Starting Uncomplicated firewall...
[[0;32m  OK  [0m] Listening on udev Control Socket.
[[0;32m  OK  [0m] Set up automount Arbitrary Executab…rmats File System Automount Point.
         Starting Monitoring of LVM2 mirrors…ng dmeventd or progress polling...
[[0;32m  OK  [0m] Listening on Syslog Socket.
         Starting Journal Service...
[[0;32m  OK  [0m] Mounted Debug File System.
[[0;32m  OK  [0m] Mounted POSIX Message Queue File System.
[[0;32m  OK  [0m] Mounted Huge Pages File System.
[[0;32m  OK  [0m] Started Journal Service.
[[0;32m  OK  [0m] Started Create list of required sta…vice nodes for the current kernel.
[[0;32m  OK  [0m] Started Remount Root and Kernel File Systems.
[[0;32m  OK  [0m] Started Load Kernel Modules.
[[0;32m  OK  [0m] Started Uncomplicated firewall.
[[0;32m  OK  [0m] Started Nameserver information manager.
[[0;32m  OK  [0m] Started LVM2 metadata daemon.
         Starting Apply Kernel Variables...
         Mounting FUSE Control File System...
         Mounting Configuration File System...
         Starting Load/Save Random Seed...
         Starting udev Coldplug all Devices...
         Starting Initial cloud-init job (pre-networking)...
         Starting Create Static Device Nodes in /dev...
         Starting Flush Journal to Persistent Storage...
[[0;32m  OK  [0m] Mounted FUSE Control File System.
[[0;32m  OK  [0m] Mounted Configuration File System.
[[0;32m  OK  [0m] Started Monitoring of LVM2 mirrors,…sing dmeventd or progress polling.
[[0;32m  OK  [0m] Started Apply Kernel Variables.
[[0;32m  OK  [0m] Started Load/Save Random Seed.
[[0;32m  OK  [0m] Started Create Static Device Nodes in /dev.
         Starting udev Kernel Device Manager...
[[0;32m  OK  [0m] Started Flush Journal to Persistent Storage.
[[0;32m  OK  [0m] Started udev Coldplug all Devices.
[[0;32m  OK  [0m] Started udev Kernel Device Manager.
[[0;32m  OK  [0m] Found device /dev/ttyS0.
[[0;32m  OK  [0m] Listening on Load/Save RF Kill Switch Status /dev/rfkill Watch.
[[0;32m  OK  [0m] Started Set the console keyboard layout.
[[0;32m  OK  [0m] Reached target Local File Systems (Pre).
[[0;32m  OK  [0m] Reached target Local File Systems.
[   12.603133]          cloud-initStarting AppArmor initialization...[470]: 
Cloud-init v. 0.7.9 running 'init-local' at Mon, 10 Jul 2017 18:03:00 +0000. Up 12.33 seconds.
         Starting Create Volatile Files and Directories...
         Starting ebtables ruleset management...
         Starting Tell Plymouth To Write Out Runtime Data...
         Starting Commit a transient machine-id on disk...
         Starting Set console font and keymap...
[[0;32m  OK  [0m] Started Dispatch Password Requests to Console Directory Watch.
[[0;32m  OK  [0m] Reached target Encrypted Volumes.
[[0;32m  OK  [0m] Started Create Volatile Files and Directories.
[[0;32m  OK  [0m] Started Tell Plymouth To Write Out Runtime Data.
[[0;32m  OK  [0m] Started Commit a transient machine-id on disk.
[[0;32m  OK  [0m] Started Set console font and keymap.
[[0;32m  OK  [0m] Started Initial cloud-init job (pre-networking).
[[0;32m  OK  [0m] Reached target System Time Synchronized.
         Starting Update UTMP about System Boot/Shutdown...
[[0;32m  OK  [0m] Started Update UTMP about System Boot/Shutdown.
[[0;32m  OK  [0m] Started ebtables ruleset management.
[[0;32m  OK  [0m] Reached target Network (Pre).
[[0;32m  OK  [0m] Started AppArmor initialization.
         Starting Raise network interfaces...
[[0;32m  OK  [0m] Started Raise network interfaces.
[[0;32m  OK  [0m] Reached target Network.
         Starting Initial cloud-init job (metadata service crawler)...
[   16.772648] cloud-init[1018]: Cloud-init v. 0.7.9 running 'init' at Mon, 10 Jul 2017 18:03:03 +0000. Up 16.10 seconds.
[   16.808537] cloud-init[1018]: ci-info: +++++++++++++++++++++++++++++Net device info++++++++++++++++++++++++++++++
[[0;32m  OK  [0m[   16.860570] ] cloud-initStarted Initial cloud-init job (metadata service crawler).[1018]: 
ci-info: +---------+------+-----------+---------------+-------+-------------------+
[[   16.916796] cloud-init[1018]: ci-info: |  Device |  Up  |  Address  |      Mask     | Scope |     Hw-Address    |
[   16.917362] cloud-init[1018]: ci-info: +---------+------+-----------+---------------+-------+-------------------+
[   16.919630] cloud-init[1018]: ci-info: | enp0s3: | True | 10.0.2.15 | 255.255.255.0 |   .   | 02:63:dc:46:41:2e |
[   16.921517] cloud-init[1018]: ci-info: | enp0s3: | True |     .     |       .       |   d   | 02:63:dc:46:41:2e |
[   16.922130] cloud-init[1018]: ci-info: |   lo:   | True | 127.0.0.1 |   255.0.0.0   |   .   |         .         |
[   16.922725] cloud-init[1018]: ci-info: |   lo:   | True |     .     |       .       |   d   |         .         |
[   16.923338] cloud-init[1018]: ci-info: +---------+------+-----------+---------------+-------+-------------------+
[   16.923931] cloud-init[1018]: ci-info: +++++++++++++++++++++++++++Route IPv4 info++++++++++++++++++++++++++++
[0;32m  OK  [0m] Reached target Cloud-config availability.
[   16.925177] cloud-init[1018]: ci-info: +-------+-------------+----------+---------------+-----------+-------+
[[0;32m  OK  [0m[   17.134451] ] cloud-initReached target System Initialization.[1018]: 
ci-info: | Route | Destination | Gateway  |    Genmask    | Interface | Flags |
[[   17.200636] cloud-init[1018]: ci-info: +-------+-------------+----------+---------------+-----------+-------+
[   17.200907] cloud-init[1018]: ci-info: |   0   |   0.0.0.0   | 10.0.2.2 |    0.0.0.0    |   enp0s3  |   UG  |
[0;32m  OK  [0m] Started Timer to automatically refresh installed snaps.
[   17.201045] cloud-init[1018]: ci-info: |   1   |   10.0.2.0  | 0.0.0.0  | 255.255.255.0 |   enp0s3  |   U   |
         [   17.357224] Starting LXD - unix socket.cloud-init
[1018]: ci-info: +-------+-------------+----------+---------------+-----------+-------+
[[   17.376717] cloud-init[1018]: Generating public/private rsa key pair.
[   17.376844] cloud-init[1018]: Your identification has been saved in /etc/ssh/ssh_host_rsa_key.
[   17.377446] cloud-init[1018]: Your public key has been saved in /etc/ssh/ssh_host_rsa_key.pub.
[   17.378047] cloud-init[1018]: The key fingerprint is:
[   17.378648] cloud-init[1018]: SHA256:K/viPo5ifWtlVHuoozwJq5SDjTePxSlX7zUGq5vaQG8 root@ubuntu-zesty
[   17.379264] cloud-init[1018]: The key's randomart image is:
[0;32m  OK  [0m] Listening on D-Bus System Message Bus Socket.
[   17.379569] cloud-init[1018]: +---[RSA 2048]----+
[[0;32m  OK  [0m] Listening on ACPID Listen Socket.
[   17.513161] cloud-init[1018]: |                 |
[[   17.572709] cloud-init[1018]: |          .      |
[   17.573010] cloud-init[1018]: |         . o     |
[0;32m  OK  [0m] Started Message of the Day.
[[   17.573154] cloud-init[1018]: |        . o .    |
[   17.636927] [0;32m  OK  [0mcloud-init] [1018]: Started Daily Cleanup of Temporary Directories.|    . ..S. .     |

[[   17.676853] cloud-init[1018]: | + +.+ .=+       |
[   17.677117] cloud-init[1018]: |o O.*+E=+.+      |
[0;32m  OK  [0m] Listening on UUID daemon activation socket.
[   17.677766] cloud-init[1018]: | ooOo=X* o .     |
[[   17.745958] cloud-init[1018]: | .oo+B@Bo        |
[   17.746227] cloud-init[1018]: +----[SHA256]-----+
[0;32m  OK  [0m] Started ACPI Events Check.
[[   17.746516] cloud-init[1018]: Generating public/private dsa key pair.
[   17.792704] cloud-init[1018]: Your identification has been saved in /etc/ssh/ssh_host_dsa_key.
[0;32m  OK  [0m] Reached target Paths.
[   17.792998] cloud-init[1018]: Your public key has been saved in /etc/ssh/ssh_host_dsa_key.pub.
         [   17.904420] Starting Socket activation for snappy daemon.cloud-init
[1018]: The key fingerprint is:
[   17.904708] cloud-init[1018]: SHA256:rQgsXjb/1EZqY32e3mYYryRVZPy+iKMU3YqYkAsuVjM root@ubuntu-zesty
[[   17.956526] cloud-init[1018]: The key's randomart image is:
[   17.956735] cloud-init[1018]: +---[DSA 1024]----+
[0;32m  OK  [0m] Started Daily apt activities.
[[   17.957029] cloud-init[1018]: |             .o  |
[0;32m  OK  [0m] Reached target Timers.
[   18.045242] cloud-init[1018]: |             o.  |
[[0;32m  OK  [0m[   18.097885] cloud-init[1018]: |              .. |
[   18.098561] cloud-init[1018]: |   .  .  .. ..  .|
] Listening on LXD - unix socket.
[   18.098850] cloud-init[1018]: |  .E*o  S.o... . |
[[   18.155853] cloud-init[1018]: | .o+++o.o*o.o   .|
[   18.155999] cloud-init[1018]: | o.. .ooBo=.++. .|
[0;32m  OK  [0m] Listening on Socket activation for snappy daemon.
[   18.156911] cloud-init[1018]: |. .    =.o B.++. |
[[0;32m  OK  [0m[   18.272544] cloud-init[1018]: |        ....*+.  |
[   18.273229] cloud-init[1018]: +----[SHA256]-----+
] Reached target Sockets.
[   18.273476] cloud-init[1018]: Generating public/private ecdsa key pair.
[[0;32m  OK  [0m] Reached target Basic System.
[   18.317110] cloud-init[1018]: Your identification has been saved in /etc/ssh/ssh_host_ecdsa_key.
[   18.372573] cloud-init[1018]: Your public key has been saved in /etc/ssh/ssh_host_ecdsa_key.pub.
[   18.372788] cloud-init[1018]: The key fingerprint is:
[[0;32m  OK  [0m] Started Deferred execution scheduler.
[   18.373142] cloud-init[1018]: SHA256:tCeSnogaa+Hl9caJHJB2xjRVtpODtxl7Zab5xU3RG20 root@ubuntu-zesty
[[   18.445349] cloud-init[1018]: The key's randomart image is:
[   18.445637] cloud-init[1018]: +---[ECDSA 256]---+
[0;32m  OK  [0m] Started Regular background program processing daemon.
[   18.446648] cloud-init[1018]: |      ...o     .o|
[[   18.473736] cloud-init[1018]: |     o  o o    .E|
[   18.474056] cloud-init[1018]: |    + ...B   + .+|
[0;32m  OK  [0m] Started FUSE filesystem for LXC.
[   18.474457] cloud-init[1018]: |   + + o..B * .o.|
[   18.507477] cloud-init[1018]: |  . + o S+.+   o.|
         [   18.540430] Starting System Logging Service...cloud-init
[1018]: | . o = o o. . .  |
[[   18.609836] cloud-init[1018]: |o = + B .    .   |
[   18.610196] cloud-init[1018]: | * . o =         |
[0;32m  OK  [0m] Started D-Bus System Message Bus.
[   18.610635] cloud-init[1018]: |+     .          |
[   18.662259] cloud-init[1018]: +----[SHA256]-----+
         [   18.668929] cloud-init[1018]: Generating public/private ed25519 key pair.
[   18.669564] cloud-init[1018]: Your identification has been saved in /etc/ssh/ssh_host_ed25519_key.
Starting Accounts Service...
[   18.670178] cloud-init[1018]: Your public key has been saved in /etc/ssh/ssh_host_ed25519_key.pub.
         Starting Network Name Resolution...
[   18.704857] cloud-init[1018]: The key fingerprint is:
[[0;32m  OK  [0m] Started Snappy daemon.
[   18.743020] cloud-init[1018]: SHA256:pmsOEe/+AiOWzGSL+5zbm8wQZzEcsendHhlmbm4+wKU root@ubuntu-zesty
         Starting Auto import assertions from block devices...
[[   18.778426] cloud-init[1018]: The key's randomart image is:
[   18.845283] cloud-init[1018]: +--[ED25519 256]--+
[0;32m  OK  [0m] Started Unattended Upgrades Shutdown.
[   18.845710] cloud-init[1018]: |    o.           |
         Starting LXD - container startup/shutdown...
[   18.949440] cloud-init[1018]: |   . +           |
         [   18.980495] Starting LSB: Record successful boot for GRUB...cloud-init
[1018]: |    B   +        |
[   18.980839] cloud-init[1018]: |  o. * =.o       |
[   19.072512] cloud-init[1018]: | *.o=.ooS        |
[   19.104795] cloud-init[1018]: |. B+ooE* .       |
[   19.124252] cloud-init[1018]: | o...oo.+        |
[[   19.136074] cloud-init[1018]: |.. * +o+.        |
[   19.136331] cloud-init[1018]: | .=.*++oo.       |
[0;32m  OK  [0m] Started ACPI event daemon.
[   19.136645] cloud-init[1018]: +----[SHA256]-----+
         Starting Login Service...
[[0;32m  OK  [0m] Started System Logging Service.
[[0;32m  OK  [0m] Started Auto import assertions from block devices.
[[0;32m  OK  [0m] Started LXD - container startup/shutdown.
         Starting Authorization Manager...
[[0;32m  OK  [0m] Started Login Service.
[[0;32m  OK  [0m] Started LSB: Record successful boot for GRUB.
[[0;32m  OK  [0m] Started Authorization Manager.
[[0;32m  OK  [0m] Started Accounts Service.
[[0;32m  OK  [0m] Started Network Name Resolution.
[[0;32m  OK  [0m] Reached target Network is Online.
         Starting iSCSI initiator daemon (iscsid)...
         Starting Pollinate to seed the pseudo random number generator...
         Starting Apply the settings specified in cloud-config...
[[0;32m  OK  [0m] Started iSCSI initiator daemon (iscsid).
         Starting Login to default iSCSI targets...
[[0;32m  OK  [0m] Started Login to default iSCSI targets.
[[0;32m  OK  [0m] Reached target Remote File Systems (Pre).
[[0;32m  OK  [0m] Reached target Remote File Systems.
         Starting Permit User Sessions...
         Starting LSB: daemon to balance interrupts for SMP systems...
         Starting LSB: VirtualBox Linux Additions...
         Starting LSB: automatic crash report generation...
[[0;32m  OK  [0m] Started Permit User Sessions.
         Starting Hold until boot process finishes up...
         Starting Terminate Plymouth Boot Screen...
[[0;32m  OK  [0m] Started LSB: daemon to balance interrupts for SMP systems.
[[0;32m  OK  [0m] Started LSB: automatic crash report generation.
[[0;32m  OK  [0m] Started Hold until boot process finishes up.
[[0;32m  OK  [0m] Started LSB: VirtualBox Linux Additions.
[[0;32m  OK  [0m] Started Terminate Plymouth Boot Screen.
[[0;32m  OK  [0m] Started Serial Getty on ttyS0.
         Starting Set console scheme...
[[0;32m  OK  [0m] Started Set console scheme.
[[0;32m  OK  [0m] Created slice system-getty.slice.
[[0;32m  OK  [0m] Started Getty on tty1.
[[0;32m  OK  [0m] Reached target Login Prompts.
[[0;32m  OK  [0m] Started Pollinate to seed the pseudo random number generator.
         Starting OpenBSD Secure Shell server...
[[0;32m  OK  [0m] Started OpenBSD Secure Shell server.
[[0;32m  OK  [0m] Reached target Multi-User System.
[[0;32m  OK  [0m] Reached target Graphical Interface.
         Starting Update UTMP about System Runlevel Changes...
[[0;32m  OK  [0m] Started Update UTMP about System Runlevel Changes.
[   21.467928] cloud-init[1379]: Generating locales (this might take a while)...
[   22.929341] cloud-init[1379]:   en_US.UTF-8... done
[   22.944557] cloud-init[1379]: Generation complete.
         Stopping OpenBSD Secure Shell server...
[[0;32m  OK  [0m] Stopped OpenBSD Secure Shell server.
         Starting OpenBSD Secure Shell server...
[[0;32m  OK  [0m] Started OpenBSD Secure Shell server.
[[0;32m  OK  [0m] Created slice User Slice of ubuntu.
         Starting User Manager for UID 1000...
[[0;32m  OK  [0m] Started User Manager for UID 1000.
[   23.542813] cloud-init[1379]: Cloud-init v. 0.7.9 running 'modules:config' at Mon, 10 Jul 2017 18:03:08 +0000. Up 21.24 seconds.
[[0;32m  OK  [0m] Started Session 1 of user ubuntu.
[[0;32m  OK  [0m] Started Apply the settings specified in cloud-config.
         Starting Execute cloud user/final scripts...
ci-info: no authorized ssh keys fingerprints found for user ubuntu.
<14>Jul 10 18:03:12 ec2: 
<14>Jul 10 18:03:12 ec2: #############################################################
<14>Jul 10 18:03:12 ec2: -----BEGIN SSH HOST KEY FINGERPRINTS-----
<14>Jul 10 18:03:12 ec2: 1024 SHA256:rQgsXjb/1EZqY32e3mYYryRVZPy+iKMU3YqYkAsuVjM root@ubuntu-zesty (DSA)
<14>Jul 10 18:03:12 ec2: 256 SHA256:tCeSnogaa+Hl9caJHJB2xjRVtpODtxl7Zab5xU3RG20 root@ubuntu-zesty (ECDSA)
<14>Jul 10 18:03:12 ec2: 256 SHA256:pmsOEe/+AiOWzGSL+5zbm8wQZzEcsendHhlmbm4+wKU root@ubuntu-zesty (ED25519)
<14>Jul 10 18:03:12 ec2: 2048 SHA256:K/viPo5ifWtlVHuoozwJq5SDjTePxSlX7zUGq5vaQG8 root@ubuntu-zesty (RSA)
<14>Jul 10 18:03:12 ec2: -----END SSH HOST KEY FINGERPRINTS-----
<14>Jul 10 18:03:12 ec2: #############################################################
-----BEGIN SSH HOST KEY KEYS-----
ecdsa-sha2-nistp256 AAAAE2VjZHNhLXNoYTItbmlzdHAyNTYAAAAIbmlzdHAyNTYAAABBBHjVeEGvfT9gokYEII960UexdoTWGs8sdTjhMWhFVVEOLSqLf1Mgz8kOaOoUc4gtP1hiVJ0Ngql5ErqrYbtUVBk= root@ubuntu-zesty
ssh-ed25519 AAAAC3NzaC1lZDI1NTE5AAAAIDNS1mCxA5PWwCsjelrr2Bonnhy7q0IXVb2MgdIWXxGG root@ubuntu-zesty
ssh-rsa AAAAB3NzaC1yc2EAAAADAQABAAABAQCq40ligbRY9IaS+HBBYyQoecwBM5KTWH6yudPcFiCvVgd9kOi+PMfx/pY03U30UHcSTfdlJxuxKHd/ZGFtWYdD1v3SkYc8kerVENI6KIOBPxGT4habo8yqeO1kIllmwjV5ZL7hXh6ET8l1QgsvHxloINPCHmtp4ZpL7j4d8Q7g9A6ajhGsQdWO1m8+7pHrrla2atwbyr58pcvsM9TUvPVHw7CyswNtNZZ0R3Wl5BG9IxMvIhqc2uDCNCOxgZTdbgzBUxTA4Qi9Ue206YyaKlwUIU3vM3Pph08kZ4H1vG7DIIUOifH7gf/81sMIH6MdIAl1Vq+VQ2yoM774UOcjW4U9 root@ubuntu-zesty
-----END SSH HOST KEY KEYS-----
[   24.768418] cloud-init[1712]: Cloud-init v. 0.7.9 running 'modules:final' at Mon, 10 Jul 2017 18:03:11 +0000. Up 24.28 seconds.
[   24.813253] cloud-init[1712]: ci-info: no authorized ssh keys fingerprints found for user ubuntu.
[   24.828079] cloud-init[1712]: Cloud-init v. 0.7.9 finished at Mon, 10 Jul 2017 18:03:12 +0000. Datasource DataSourceNoCloud [seed=/dev/sdb][dsmode=net].  Up 24.75 seconds
[[0;32m  OK  [0m] Started Execute cloud user/final scripts.
[[0;32m  OK  [0m] Reached target Cloud-init target.

Ubuntu 17.04 ubuntu-zesty ttyS0

ubuntu-zesty login: [  643.468788] e1000 0000:00:03.0 enp0s3: Detected Tx Unit Hang
[  643.468788]   Tx Queue             <0>
[  643.468788]   TDH                  <24>
[  643.468788]   TDT                  <26>
[  643.468788]   next_to_use          <26>
[  643.468788]   next_to_clean        <24>
[  643.468788] buffer_info[next_to_clean]
[  643.468788]   time_stamp           <100014d26>
[  643.468788]   next_to_watch        <25>
[  643.468788]   jiffies              <100014e40>
[  643.468788]   next_to_watch.status <0>
[  645.483958] e1000 0000:00:03.0 enp0s3: Detected Tx Unit Hang
[  645.483958]   Tx Queue             <0>
[  645.483958]   TDH                  <24>
[  645.483958]   TDT                  <26>
[  645.483958]   next_to_use          <26>
[  645.483958]   next_to_clean        <24>
[  645.483958] buffer_info[next_to_clean]
[  645.483958]   time_stamp           <100014d26>
[  645.483958]   next_to_watch        <25>
[  645.483958]   jiffies              <100015038>
[  645.483958]   next_to_watch.status <0>
[  647.501572] e1000 0000:00:03.0 enp0s3: Detected Tx Unit Hang
[  647.501572]   Tx Queue             <0>
[  647.501572]   TDH                  <24>
[  647.501572]   TDT                  <26>
[  647.501572]   next_to_use          <26>
[  647.501572]   next_to_clean        <24>
[  647.501572] buffer_info[next_to_clean]
[  647.501572]   time_stamp           <100014d26>
[  647.501572]   next_to_watch        <25>
[  647.501572]   jiffies              <100015230>
[  647.501572]   next_to_watch.status <0>
[  649.514459] e1000 0000:00:03.0 enp0s3: Detected Tx Unit Hang
[  649.514459]   Tx Queue             <0>
[  649.514459]   TDH                  <24>
[  649.514459]   TDT                  <26>
[  649.514459]   next_to_use          <26>
[  649.514459]   next_to_clean        <24>
[  649.514459] buffer_info[next_to_clean]
[  649.514459]   time_stamp           <100014d26>
[  649.514459]   next_to_watch        <25>
[  649.514459]   jiffies              <100015428>
[  649.514459]   next_to_watch.status <0>
[  651.145164] e1000 0000:00:03.0 enp0s3: Reset adapter
