[    0.000000] Initializing cgroup subsys cpuset
[    0.000000] Initializing cgroup subsys cpu
[    0.000000] Initializing cgroup subsys cpuacct
[    0.000000] Linux version 4.4.0-83-generic (buildd@lgw01-29) (gcc version 5.4.0 20160609 (Ubuntu 5.4.0-6ubuntu1~16.04.4) ) #106-Ubuntu SMP Mon Jun 26 17:54:43 UTC 2017 (Ubuntu 4.4.0-83.106-generic 4.4.70)
[    0.000000] Command line: BOOT_IMAGE=/boot/vmlinuz-4.4.0-83-generic root=LABEL=cloudimg-rootfs ro console=tty1 console=ttyS0
[    0.000000] KERNEL supported cpus:
[    0.000000]   Intel GenuineIntel
[    0.000000]   AMD AuthenticAMD
[    0.000000]   Centaur CentaurHauls
[    0.000000] x86/fpu: xstate_offset[2]:  576, xstate_sizes[2]:  256
[    0.000000] x86/fpu: Supporting XSAVE feature 0x01: 'x87 floating point registers'
[    0.000000] x86/fpu: Supporting XSAVE feature 0x02: 'SSE registers'
[    0.000000] x86/fpu: Supporting XSAVE feature 0x04: 'AVX registers'
[    0.000000] x86/fpu: Enabled xstate features 0x7, context size is 832 bytes, using 'standard' format.
[    0.000000] x86/fpu: Using 'lazy' FPU context switches.
[    0.000000] e820: BIOS-provided physical RAM map:
[    0.000000] BIOS-e820: [mem 0x0000000000000000-0x000000000009fbff] usable
[    0.000000] BIOS-e820: [mem 0x000000000009fc00-0x000000000009ffff] reserved
[    0.000000] BIOS-e820: [mem 0x00000000000f0000-0x00000000000fffff] reserved
[    0.000000] BIOS-e820: [mem 0x0000000000100000-0x000000007ffeffff] usable
[    0.000000] BIOS-e820: [mem 0x000000007fff0000-0x000000007fffffff] ACPI data
[    0.000000] BIOS-e820: [mem 0x00000000fec00000-0x00000000fec00fff] reserved
[    0.000000] BIOS-e820: [mem 0x00000000fee00000-0x00000000fee00fff] reserved
[    0.000000] BIOS-e820: [mem 0x00000000fffc0000-0x00000000ffffffff] reserved
[    0.000000] NX (Execute Disable) protection: active
[    0.000000] SMBIOS 2.5 present.
[    0.000000] Hypervisor detected: KVM
[    0.000000] e820: last_pfn = 0x7fff0 max_arch_pfn = 0x400000000
[    0.000000] MTRR: Disabled
[    0.000000] x86/PAT: MTRRs disabled, skipping PAT initialization too.
[    0.000000] x86/PAT: Configuration [0-7]: WB  WT  UC- UC  WB  WT  UC- UC  
[    0.000000] CPU MTRRs all blank - virtualized system.
[    0.000000] found SMP MP-table at [mem 0x0009fff0-0x0009ffff] mapped at [ffff88000009fff0]
[    0.000000] Scanning 1 areas for low memory corruption
[    0.000000] RAMDISK: [mem 0x36ae4000-0x37569fff]
[    0.000000] ACPI: Early table checksum verification disabled
[    0.000000] ACPI: RSDP 0x00000000000E0000 000024 (v02 VBOX  )
[    0.000000] ACPI: XSDT 0x000000007FFF0030 00003C (v01 VBOX   VBOXXSDT 00000001 ASL  00000061)
[    0.000000] ACPI: FACP 0x000000007FFF00F0 0000F4 (v04 VBOX   VBOXFACP 00000001 ASL  00000061)
[    0.000000] ACPI: DSDT 0x000000007FFF0470 0021C8 (v02 VBOX   VBOXBIOS 00000002 INTL 20100528)
[    0.000000] ACPI: FACS 0x000000007FFF0200 000040
[    0.000000] ACPI: FACS 0x000000007FFF0200 000040
[    0.000000] ACPI: APIC 0x000000007FFF0240 00005C (v02 VBOX   VBOXAPIC 00000001 ASL  00000061)
[    0.000000] ACPI: SSDT 0x000000007FFF02A0 0001CC (v01 VBOX   VBOXCPUT 00000002 INTL 20100528)
[    0.000000] No NUMA configuration found
[    0.000000] Faking a node at [mem 0x0000000000000000-0x000000007ffeffff]
[    0.000000] NODE_DATA(0) allocated [mem 0x7ffeb000-0x7ffeffff]
[    0.000000] kvm-clock: Using msrs 4b564d01 and 4b564d00
[    0.000000] kvm-clock: cpu 0, msr 0:7ffe3001, primary cpu clock
[    0.000000] kvm-clock: using sched offset of 3065719734 cycles
[    0.000000] clocksource: kvm-clock: mask: 0xffffffffffffffff max_cycles: 0x1cd42e4dffb, max_idle_ns: 881590591483 ns
[    0.000000] Zone ranges:
[    0.000000]   DMA      [mem 0x0000000000001000-0x0000000000ffffff]
[    0.000000]   DMA32    [mem 0x0000000001000000-0x000000007ffeffff]
[    0.000000]   Normal   empty
[    0.000000]   Device   empty
[    0.000000] Movable zone start for each node
[    0.000000] Early memory node ranges
[    0.000000]   node   0: [mem 0x0000000000001000-0x000000000009efff]
[    0.000000]   node   0: [mem 0x0000000000100000-0x000000007ffeffff]
[    0.000000] Initmem setup node 0 [mem 0x0000000000001000-0x000000007ffeffff]
[    0.000000] ACPI: PM-Timer IO Port: 0x4008
[    0.000000] IOAPIC[0]: apic_id 2, version 32, address 0xfec00000, GSI 0-23
[    0.000000] ACPI: INT_SRC_OVR (bus 0 bus_irq 0 global_irq 2 dfl dfl)
[    0.000000] ACPI: INT_SRC_OVR (bus 0 bus_irq 9 global_irq 9 high level)
[    0.000000] Using ACPI (MADT) for SMP configuration information
[    0.000000] smpboot: Allowing 2 CPUs, 0 hotplug CPUs
[    0.000000] PM: Registered nosave memory: [mem 0x00000000-0x00000fff]
[    0.000000] PM: Registered nosave memory: [mem 0x0009f000-0x0009ffff]
[    0.000000] PM: Registered nosave memory: [mem 0x000a0000-0x000effff]
[    0.000000] PM: Registered nosave memory: [mem 0x000f0000-0x000fffff]
[    0.000000] e820: [mem 0x80000000-0xfebfffff] available for PCI devices
[    0.000000] Booting paravirtualized kernel on KVM
[    0.000000] clocksource: refined-jiffies: mask: 0xffffffff max_cycles: 0xffffffff, max_idle_ns: 7645519600211568 ns
[    0.000000] setup_percpu: NR_CPUS:512 nr_cpumask_bits:512 nr_cpu_ids:2 nr_node_ids:1
[    0.000000] PERCPU: Embedded 33 pages/cpu @ffff88007fc00000 s98264 r8192 d28712 u1048576
[    0.000000] PV qspinlock hash table entries: 256 (order: 0, 4096 bytes)
[    0.000000] Built 1 zonelists in Node order, mobility grouping on.  Total pages: 515961
[    0.000000] Policy zone: DMA32
[    0.000000] Kernel command line: BOOT_IMAGE=/boot/vmlinuz-4.4.0-83-generic root=LABEL=cloudimg-rootfs ro console=tty1 console=ttyS0
[    0.000000] PID hash table entries: 4096 (order: 3, 32768 bytes)
[    0.000000] Memory: 2033992K/2096696K available (8469K kernel code, 1294K rwdata, 3984K rodata, 1488K init, 1316K bss, 62704K reserved, 0K cma-reserved)
[    0.000000] SLUB: HWalign=64, Order=0-3, MinObjects=0, CPUs=2, Nodes=1
[    0.000000] Hierarchical RCU implementation.
[    0.000000] 	Build-time adjustment of leaf fanout to 64.
[    0.000000] 	RCU restricting CPUs from NR_CPUS=512 to nr_cpu_ids=2.
[    0.000000] RCU: Adjusting geometry for rcu_fanout_leaf=64, nr_cpu_ids=2
[    0.000000] NR_IRQS:33024 nr_irqs:440 16
[    0.000000] Console: colour VGA+ 80x25
[    0.000000] console [tty1] enabled
[    0.000000] console [ttyS0] enabled
[    0.000000] tsc: Detected 2494.316 MHz processor
[    0.975489] Calibrating delay loop (skipped) preset value.. 4988.63 BogoMIPS (lpj=9977264)
[    0.985001] pid_max: default: 32768 minimum: 301
[    0.991843] ACPI: Core revision 20150930
[    0.999515] ACPI: 2 ACPI AML tables successfully acquired and loaded
[    1.019186] Security Framework initialized
[    1.020432] Yama: becoming mindful.
[    1.021501] AppArmor: AppArmor initialized
[    1.032888] Dentry cache hash table entries: 262144 (order: 9, 2097152 bytes)
[    1.040258] Inode-cache hash table entries: 131072 (order: 8, 1048576 bytes)
[    1.054219] Mount-cache hash table entries: 4096 (order: 3, 32768 bytes)
[    1.056166] Mountpoint-cache hash table entries: 4096 (order: 3, 32768 bytes)
[    1.078583] Initializing cgroup subsys io
[    1.086836] Initializing cgroup subsys memory
[    1.088151] Initializing cgroup subsys devices
[    1.089480] Initializing cgroup subsys freezer
[    1.090595] Initializing cgroup subsys net_cls
[    1.091619] Initializing cgroup subsys perf_event
[    1.108437] Initializing cgroup subsys net_prio
[    1.136557] Initializing cgroup subsys hugetlb
[    1.143419] Initializing cgroup subsys pids
[    1.151592] CPU: Physical Processor ID: 0
[    1.158485] CPU: Processor Core ID: 0
[    1.159678] mce: CPU supports 0 MCE banks
[    1.167993] Last level iTLB entries: 4KB 512, 2MB 8, 4MB 8
[    1.178357] Last level dTLB entries: 4KB 512, 2MB 32, 4MB 32, 1GB 0
[    1.188321] Freeing SMP alternatives memory: 32K (ffffffff820b9000 - ffffffff820c1000)
[    1.199652] ftrace: allocating 32129 entries in 126 pages
[    1.249390] smpboot: APIC(0) Converting physical 0 to logical package 0
[    1.279798] smpboot: Max logical packages: 1
[    1.288414] x2apic enabled
[    1.300622] Switched APIC routing to physical x2apic.
[    1.309896] ..TIMER: vector=0x30 apic1=0 pin1=2 apic2=-1 pin2=-1
[    1.423202] smpboot: CPU0: Intel(R) Core(TM) i7-3667U CPU @ 2.00GHz (family: 0x6, model: 0x3a, stepping: 0x9)
[    1.459107] Performance Events: unsupported p6 CPU model 58 no PMU driver, software events only.
[    1.485846] KVM setup paravirtual spinlock
[    1.487804] x86: Booting SMP configuration:
[    1.501741] .... node  #0, CPUs:      #1
[    1.520224] kvm-clock: cpu 1, msr 0:7ffe3041, secondary cpu clock
[    1.530655] mce: CPU supports 0 MCE banks
[    1.535650] x86: Booted up 1 node, 2 CPUs
[    1.541228] smpboot: Total of 2 processors activated (9977.26 BogoMIPS)
[    1.551697] devtmpfs: initialized
[    1.558586] evm: security.selinux
[    1.565498] evm: security.SMACK64
[    1.574953] evm: security.SMACK64EXEC
[    1.584425] evm: security.SMACK64TRANSMUTE
[    1.588670] evm: security.SMACK64MMAP
[    1.589879] evm: security.ima
[    1.590911] evm: security.capability
[    1.599540] clocksource: jiffies: mask: 0xffffffff max_cycles: 0xffffffff, max_idle_ns: 7645041785100000 ns
[    1.638045] futex hash table entries: 512 (order: 3, 32768 bytes)
[    1.661305] pinctrl core: initialized pinctrl subsystem
[    1.694350] RTC time: 10:29:28, date: 07/09/17
[    1.697634] NET: Registered protocol family 16
[    1.711754] cpuidle: using governor ladder
[    1.731480] cpuidle: using governor menu
[    1.738093] PCCT header not found.
[    1.739388] ACPI: bus type PCI registered
[    1.743831] acpiphp: ACPI Hot Plug PCI Controller Driver version: 0.5
[    1.756582] PCI: Using configuration type 1 for base access
[    1.774614] ACPI: Added _OSI(Module Device)
[    1.777537] ACPI: Added _OSI(Processor Device)
[    1.779869] ACPI: Added _OSI(3.0 _SCP Extensions)
[    1.780908] ACPI: Added _OSI(Processor Aggregator Device)
[    1.782802] ACPI: Executed 1 blocks of module-level executable AML code
[    1.794013] ACPI: Interpreter enabled
[    1.796287] ACPI: (supports S0 S5)
[    1.827952] ACPI: Using IOAPIC for interrupt routing
[    1.843866] PCI: Using host bridge windows from ACPI; if necessary, use "pci=nocrs" and report a bug
[    1.852762] ACPI: PCI Root Bridge [PCI0] (domain 0000 [bus 00-ff])
[    1.859746] acpi PNP0A03:00: _OSC: OS supports [ASPM ClockPM Segments MSI]
[    1.874188] acpi PNP0A03:00: _OSC failed (AE_NOT_FOUND); disabling ASPM
[    1.876074] acpi PNP0A03:00: fail to add MMCONFIG information, can't access extended PCI configuration space under this bridge.
[    1.880817] PCI host bridge to bus 0000:00
[    1.889805] pci_bus 0000:00: root bus resource [io  0x0000-0x0cf7 window]
[    1.902873] pci_bus 0000:00: root bus resource [io  0x0d00-0xffff window]
[    1.922252] pci_bus 0000:00: root bus resource [mem 0x000a0000-0x000bffff window]
[    1.929610] pci_bus 0000:00: root bus resource [mem 0x80000000-0xffdfffff window]
[    1.937340] pci_bus 0000:00: root bus resource [bus 00-ff]
[    1.946081] pci 0000:00:01.1: legacy IDE quirk: reg 0x10: [io  0x01f0-0x01f7]
[    1.960094] pci 0000:00:01.1: legacy IDE quirk: reg 0x14: [io  0x03f6]
[    1.979822] pci 0000:00:01.1: legacy IDE quirk: reg 0x18: [io  0x0170-0x0177]
[    1.993746] pci 0000:00:01.1: legacy IDE quirk: reg 0x1c: [io  0x0376]
[    2.024781] pci 0000:00:07.0: quirk: [io  0x4000-0x403f] claimed by PIIX4 ACPI
[    2.026529] pci 0000:00:07.0: quirk: [io  0x4100-0x410f] claimed by PIIX4 SMB
[    2.075851] ACPI: PCI Interrupt Link [LNKA] (IRQs 5 9 10 *11)
[    2.104236] ACPI: PCI Interrupt Link [LNKB] (IRQs 5 9 10 *11)
[    2.112119] ACPI: PCI Interrupt Link [LNKC] (IRQs 5 9 *10 11)
[    2.123369] ACPI: PCI Interrupt Link [LNKD] (IRQs 5 *9 10 11)
[    2.131098] ACPI: Enabled 2 GPEs in block 00 to 07
[    2.152630] vgaarb: setting as boot device: PCI:0000:00:02.0
[    2.159127] vgaarb: device added: PCI:0000:00:02.0,decodes=io+mem,owns=io+mem,locks=none
[    2.183431] vgaarb: loaded
[    2.192282] vgaarb: bridge control possible 0000:00:02.0
[    2.217720] SCSI subsystem initialized
[    2.230060] ACPI: bus type USB registered
[    2.257682] usbcore: registered new interface driver usbfs
[    2.264923] usbcore: registered new interface driver hub
[    2.266471] usbcore: registered new device driver usb
[    2.280107] PCI: Using ACPI for IRQ routing
[    2.283419] NetLabel: Initializing
[    2.289782] NetLabel:  domain hash size = 128
[    2.310557] NetLabel:  protocols = UNLABELED CIPSOv4
[    2.312084] NetLabel:  unlabeled traffic allowed by default
[    2.321071] amd_nb: Cannot enumerate AMD northbridges
[    2.327917] clocksource: Switched to clocksource kvm-clock
[    2.337845] AppArmor: AppArmor Filesystem Enabled
[    2.346634] pnp: PnP ACPI init
[    2.371355] pnp: PnP ACPI: found 3 devices
[    2.388327] clocksource: acpi_pm: mask: 0xffffff max_cycles: 0xffffff, max_idle_ns: 2085701024 ns
[    2.396583] NET: Registered protocol family 2
[    2.399305] TCP established hash table entries: 16384 (order: 5, 131072 bytes)
[    2.414593] TCP bind hash table entries: 16384 (order: 6, 262144 bytes)
[    2.425909] TCP: Hash tables configured (established 16384 bind 16384)
[    2.432823] UDP hash table entries: 1024 (order: 3, 32768 bytes)
[    2.465726] UDP-Lite hash table entries: 1024 (order: 3, 32768 bytes)
[    2.476386] NET: Registered protocol family 1
[    2.482948] pci 0000:00:00.0: Limiting direct PCI/PCI transfers
[    2.490421] pci 0000:00:01.0: Activating ISA DMA hang workarounds
[    2.497824] Unpacking initramfs...
[    4.340143] Freeing initrd memory: 10776K (ffff880036ae4000 - ffff88003756a000)
[    4.347689] RAPL PMU detected, API unit is 2^-32 Joules, 3 fixed counters 10737418240 ms ovfl timer
[    4.354168] hw unit of domain pp0-core 2^-0 Joules
[    4.361005] hw unit of domain package 2^-0 Joules
[    4.383141] hw unit of domain pp1-gpu 2^-0 Joules
[    4.429149] platform rtc_cmos: registered platform RTC device (no PNP device found)
[    4.450126] Scanning for low memory corruption every 60 seconds
[    4.465378] audit: initializing netlink subsys (disabled)
[    4.467868] audit: type=2000 audit(1499596174.293:1): initialized
[    4.481424] Initialise system trusted keyring
[    4.503307] HugeTLB registered 2 MB page size, pre-allocated 0 pages
[    4.507029] zbud: loaded
[    4.519634] VFS: Disk quotas dquot_6.6.0
[    4.523988] VFS: Dquot-cache hash table entries: 512 (order 0, 4096 bytes)
[    4.526159] squashfs: version 4.0 (2009/01/31) Phillip Lougher
[    4.547929] fuse init (API version 7.23)
[    4.549461] Key type big_key registered
[    4.564813] Allocating IMA MOK and blacklist keyrings.
[    4.592460] Key type asymmetric registered
[    4.593425] Asymmetric key parser 'x509' registered
[    4.605428] Block layer SCSI generic (bsg) driver version 0.4 loaded (major 249)
[    4.612924] io scheduler noop registered
[    4.615789] io scheduler deadline registered (default)
[    4.623473] io scheduler cfq registered
[    4.624520] pci_hotplug: PCI Hot Plug PCI Core version: 0.5
[    4.631215] pciehp: PCI Express Hot Plug Controller Driver version: 0.4
[    4.647762] ACPI: AC Adapter [AC] (on-line)
[    4.654555] input: Power Button as /devices/LNXSYSTM:00/LNXPWRBN:00/input/input0
[    4.674935] ACPI: Power Button [PWRF]
[    4.701598] input: Sleep Button as /devices/LNXSYSTM:00/LNXSLPBN:00/input/input1
[    4.710110] ACPI: Sleep Button [SLPF]
[    4.714733] GHES: HEST is not enabled!
[    4.715767] ACPI: Battery Slot [BAT0] (battery present)
[    4.740615] Serial: 8250/16550 driver, 32 ports, IRQ sharing enabled
[    4.783451] 00:02: ttyS0 at I/O 0x3f8 (irq = 4, base_baud = 115200) is a 16550A
[    4.800763] Linux agpgart interface v0.103
[    4.808690] loop: module loaded
[    4.812198] scsi host0: ata_piix
[    4.813147] scsi host1: ata_piix
[    4.813991] ata1: PATA max UDMA/33 cmd 0x1f0 ctl 0x3f6 bmdma 0xd000 irq 14
[    4.815383] ata2: PATA max UDMA/33 cmd 0x170 ctl 0x376 bmdma 0xd008 irq 15
[    4.841336] libphy: Fixed MDIO Bus: probed
[    4.859524] tun: Universal TUN/TAP device driver, 1.6
[    4.861954] tun: (C) 1999-2004 Max Krasnyansky <maxk@qualcomm.com>
[    4.869846] PPP generic driver version 2.4.2
[    4.876802] ehci_hcd: USB 2.0 'Enhanced' Host Controller (EHCI) Driver
[    4.883774] ehci-pci: EHCI PCI platform driver
[    4.884848] ehci-platform: EHCI generic platform driver
[    4.891495] ohci_hcd: USB 1.1 'Open' Host Controller (OHCI) Driver
[    4.892900] ohci-pci: OHCI PCI platform driver
[    4.899530] ohci-platform: OHCI generic platform driver
[    4.914737] uhci_hcd: USB Universal Host Controller Interface driver
[    4.939825] i8042: PNP: PS/2 Controller [PNP0303:PS2K,PNP0f03:PS2M] at 0x60,0x64 irq 1,12
[    4.959893] serio: i8042 KBD port at 0x60,0x64 irq 1
[    4.969992] serio: i8042 AUX port at 0x60,0x64 irq 12
[    4.977922] mousedev: PS/2 mouse device common for all mice
[    4.997392] input: AT Translated Set 2 keyboard as /devices/platform/i8042/serio0/input/input2
[    5.004549] rtc_cmos rtc_cmos: rtc core: registered rtc_cmos as rtc0
[    5.012804] rtc_cmos rtc_cmos: alarms up to one day, 114 bytes nvram
[    5.029879] i2c /dev entries driver
[    5.038589] device-mapper: uevent: version 1.0.3
[    5.052548] device-mapper: ioctl: 4.34.0-ioctl (2015-10-28) initialised: dm-devel@redhat.com
[    5.070891] ledtrig-cpu: registered to indicate activity on CPUs
[    5.105888] NET: Registered protocol family 10
[    5.108718] NET: Registered protocol family 17
[    5.110090] Key type dns_resolver registered
[    5.140995] microcode: CPU0 sig=0x306a9, pf=0x2, revision=0x19
[    5.155887] microcode: CPU1 sig=0x306a9, pf=0x2, revision=0x19
[    5.180520] microcode: Microcode Update Driver: v2.01 <tigran@aivazian.fsnet.co.uk>, Peter Oruba
[    5.231466] registered taskstats version 1
[    5.264534] Loading compiled-in X.509 certificates
[    5.266491] Loaded X.509 cert 'Build time autogenerated kernel key: 35105354eb779045e4d9ad793dead39d5ee93f76'
[    5.269220] zswap: loaded using pool lzo/zbud
[    5.407325] Key type trusted registered
[    5.429733] Key type encrypted registered
[    5.433852] tsc: Refined TSC clocksource calibration: 2495.620 MHz
[    5.433853] clocksource: tsc: mask: 0xffffffffffffffff max_cycles: 0x23f90fe88b0, max_idle_ns: 440795222037 ns
[    5.470561] AppArmor: AppArmor sha1 policy hashing enabled
[    5.472201] ima: No TPM chip found, activating TPM-bypass!
[    5.500017] evm: HMAC attrs: 0x1
[    5.501263]   Magic number: 9:666:476
[    5.571048] rtc_cmos rtc_cmos: setting system clock to 2017-07-09 10:29:32 UTC (1499596172)
[    5.605745] BIOS EDD facility v0.16 2004-Jun-25, 0 devices found
[    5.653204] EDD information not available.
[    5.680354] Freeing unused kernel memory: 1488K (ffffffff81f45000 - ffffffff820b9000)
[    5.691021] Write protecting the kernel read-only data: 14336k
[    5.715076] Freeing unused kernel memory: 1760K (ffff880001848000 - ffff880001a00000)
[    5.731327] Freeing unused kernel memory: 112K (ffff880001de4000 - ffff880001e00000)
Loading, please wait...
starting version[    5.748532] random: systemd-udevd: uninitialized urandom read (16 bytes read, 2 bits of entropy available)
 229
[    5.749110] random: udevadm: uninitialized urandom read (16 bytes read, 2 bits of entropy available)
[    5.749150] random: udevadm: uninitialized urandom read (16 bytes read, 2 bits of entropy available)
[    5.749277] random: udevadm: uninitialized urandom read (16 bytes read, 2 bits of entropy available)
[    5.749329] random: udevadm: uninitialized urandom read (16 bytes read, 2 bits of entropy available)
[    5.749378] random: udevadm: uninitialized urandom read (16 bytes read, 2 bits of entropy available)
[    5.749425] random: udevadm: uninitialized urandom read (16 bytes read, 2 bits of entropy available)
[    5.749472] random: udevadm: uninitialized urandom read (16 bytes read, 2 bits of entropy available)
[    5.749531] random: udevadm: uninitialized urandom read (16 bytes read, 2 bits of entropy available)
[    5.749578] random: udevadm: uninitialized urandom read (16 bytes read, 2 bits of entropy available)
[    6.290906] e1000: Intel(R) PRO/1000 Network Driver - version 7.3.21-k8-NAPI
[    6.304321] e1000: Copyright (c) 1999-2006 Intel Corporation.
[    6.364228] AVX version of gcm_enc/dec engaged.
[    6.383077] Fusion MPT base driver 3.04.20
[    6.383078] Copyright (c) 1999-2008 LSI Corporation
[    6.483883] AES CTR mode by8 optimization enabled
[    6.554239] input: ImExPS/2 Generic Explorer Mouse as /devices/platform/i8042/serio1/input/input4
[    6.554594] Fusion MPT SPI Host driver 3.04.20
[    6.957710] e1000 0000:00:03.0 eth0: (PCI:33MHz:32-bit) 02:50:9e:45:53:0d
[    6.978076] e1000 0000:00:03.0 eth0: Intel(R) PRO/1000 Network Connection
[    6.990164] mptbase: ioc0: Initiating bringup
[    6.990764] e1000 0000:00:03.0 enp0s3: renamed from eth0
[    7.200772] ioc0: LSI53C1030 A0: Capabilities={Initiator}
[    7.432105] scsi host2: ioc0: LSI53C1030 A0, FwRev=00000000h, Ports=1, MaxQ=256, IRQ=20
[    7.645619] scsi 2:0:0:0: Direct-Access     VBOX     HARDDISK         1.0  PQ: 0 ANSI: 5
[    7.669993] scsi target2:0:0: Beginning Domain Validation
[    7.678102] scsi target2:0:0: Domain Validation skipping write tests
[    7.683826] scsi target2:0:0: Ending Domain Validation
[    7.691373] scsi target2:0:0: asynchronous
[    7.694183] scsi 2:0:1:0: Direct-Access     VBOX     HARDDISK         1.0  PQ: 0 ANSI: 5
[    7.713276] scsi target2:0:1: Beginning Domain Validation
[    7.715903] scsi target2:0:1: Domain Validation skipping write tests
[    7.723187] scsi target2:0:1: Ending Domain Validation
[    7.724747] scsi target2:0:1: asynchronous
[    7.731728] sd 2:0:0:0: [sda] 20971520 512-byte logical blocks: (10.7 GB/10.0 GiB)
[    7.731916] sd 2:0:0:0: Attached scsi generic sg0 type 0
[    7.732493] sd 2:0:1:0: Attached scsi generic sg1 type 0
[    7.732840] sd 2:0:1:0: [sdb] 20480 512-byte logical blocks: (10.5 MB/10.0 MiB)
[    7.733072] sd 2:0:1:0: [sdb] Write Protect is off
[    7.733200] sd 2:0:1:0: [sdb] Incomplete mode parameter data
[    7.733201] sd 2:0:1:0: [sdb] Assuming drive cache: write through
[    7.735357] sd 2:0:1:0: [sdb] Attached SCSI disk
[    7.825558] sd 2:0:0:0: [sda] Write Protect is off
[    7.830628] sd 2:0:0:0: [sda] Incomplete mode parameter data
[    7.850062] sd 2:0:0:0: [sda] Assuming drive cache: write through
[    7.939630]  sda: sda1
[    7.942604] sd 2:0:0:0: [sda] Attached SCSI disk
[    9.352721] floppy0: no floppy controllers found
Begin: Loading e[   10.868577] md: linear personality registered for level -1
ssential drivers[   10.945968] md: multipath personality registered for level -4
 ... [   10.974473] md: raid0 personality registered for level 0
[   11.025811] md: raid1 personality registered for level 1
[   11.100207] raid6: sse2x1   gen()  8089 MB/s
[   11.198800] raid6: sse2x1   xor()  6972 MB/s
[   11.376424] raid6: sse2x2   gen() 10534 MB/s
[   11.456801] raid6: sse2x2   xor()  7534 MB/s
[   11.563070] raid6: sse2x4   gen() 11820 MB/s
[   11.648473] raid6: sse2x4   xor()  8268 MB/s
[   11.665328] raid6: using algorithm sse2x4 gen() 11820 MB/s
[   11.750532] raid6: .... xor() 8268 MB/s, rmw enabled
[   11.773349] raid6: using ssse3x2 recovery algorithm
[   11.781293] xor: automatically using best checksumming function:
[   11.824049]    avx       : 14620.000 MB/sec
[   11.842640] async_tx: api initialized (async)
[   11.874376] md: raid6 personality registered for level 6
[   11.880382] md: raid5 personality registered for level 5
[   11.881919] md: raid4 personality registered for level 4
[   11.891418] md: raid10 personality registered for level 10
done.
Begin: Running /scripts/init-premount ... done.
Begin: Mounting root file system ... Begin: Running /scripts/local-top ... done.
Begin: Running /scripts/local-premount ... [   11.943789] Btrfs loaded
Scanning for Btrfs filesystems
done.
Warning: fsck not present, so skipping root file system
[   11.974992] EXT4-fs (sda1): mounted filesystem with ordered data mode. Opts: (null)
done.
Begin: Running /scripts/local-bottom ... done.
Begin: Running /scripts/init-bottom ... done.
[   12.048446] systemd[1]: systemd 229 running in system mode. (+PAM +AUDIT +SELINUX +IMA +APPARMOR +SMACK +SYSVINIT +UTMP +LIBCRYPTSETUP +GCRYPT +GNUTLS +ACL +XZ -LZ4 +SECCOMP +BLKID +ELFUTILS +KMOD -IDN)
[   12.060143] systemd[1]: Detected virtualization oracle.
[   12.072921] systemd[1]: Detected architecture x86-64.

Welcome to [1mUbuntu 16.04.2 LTS[0m!

[   12.095766] systemd[1]: Set hostname to <ubuntu>.
[   12.100527] systemd[1]: Initializing machine ID from random generator.
[   12.105995] systemd[1]: Installed transient /etc/machine-id file.
[   12.209901] systemd[1]: Listening on udev Control Socket.
[[0;32m  OK  [0m] Listening on udev Control Socket.
[   12.231308] systemd[1]: Started Forward Password Requests to Wall Directory Watch.
[[0;32m  OK  [0m] Started Forward Password Requests to Wall Directory Watch.
[   12.265167] systemd[1]: Reached target Swap.
[[0;32m  OK  [0m] Reached target Swap.
[   12.293162] systemd[1]: Created slice User and Session Slice.
[[0;32m  OK  [0m] Created slice User and Session Slice.
[   12.306357] systemd[1]: Started Trigger resolvconf update for networkd DNS.
[[0;32m  OK  [0m] Started Trigger resolvconf update for networkd DNS.
[   12.310141] systemd[1]: Listening on Syslog Socket.
[[0;32m  OK  [0m] Listening on Syslog Socket.
[   12.328195] systemd[1]: Reached target Encrypted Volumes.
[[0;32m  OK  [0m] Reached target Encrypted Volumes.
[   12.364514] systemd[1]: Listening on Journal Audit Socket.
[[0;32m  OK  [0m] Listening on Journal Audit Socket.
[   12.389035] systemd[1]: Listening on Device-mapper event daemon FIFOs.
[[0;32m  OK  [0m] Listening on Device-mapper event daemon FIFOs.
[   12.424987] systemd[1]: Listening on udev Kernel Socket.
[[0;32m  OK  [0m] Listening on udev Kernel Socket.
[   12.462111] systemd[1]: Listening on LVM2 poll daemon socket.
[[0;32m  OK  [0m] Listening on LVM2 poll daemon socket.
[   12.488962] systemd[1]: Listening on Journal Socket (/dev/log).
[[0;32m  OK  [0m] Listening on Journal Socket (/dev/log).
[   12.528584] systemd[1]: Reached target User and Group Name Lookups.
[[0;32m  OK  [0m] Reached target User and Group Name Lookups.
[   12.585425] systemd[1]: Created slice System Slice.
[[0;32m  OK  [0m] Created slice System Slice.
[   12.604253] systemd[1]: Reached target Slices.
[[0;32m  OK  [0m] Reached target Slices.
[   12.629347] systemd[1]: Created slice system-serial\x2dgetty.slice.
[[0;32m  OK  [0m] Created slice system-serial\x2dgetty.slice.
[   12.723294] systemd[1]: Listening on LVM2 metadata daemon socket.
[[0;32m  OK  [0m] Listening on LVM2 metadata daemon socket.
[   12.758014] systemd[1]: Listening on Journal Socket.
[[0;32m  OK  [0m] Listening on Journal Socket.
[   12.776394] systemd[1]: Starting Load Kernel Modules...
         Starting Load Kernel Modules...
[   12.803122] systemd[1]: Mounting POSIX Message Queue File System...
         [   12.831077] Loading iSCSI transport class v2.0-870.
Mounting POSIX Message Queue File System...
[   12.846296] systemd[1]: Mounting Huge Pages File System...
         Mounting Huge Pages File System.[   12.867138] iscsi: registered transport (tcp)
..
[   12.876457] systemd[1]: Starting Set console keymap...
         Starting Set console keymap...
[   12.890270] systemd[1]: Mounting Debug File System...
         Mounting Debug File System...
[   12.933411] iscsi: registered transport (iser)
[   12.952213] systemd[1]: Starting Create list of required static device nodes for the current kernel...
         Starting Create list of required st... nodes for the current kernel...
[   12.995366] systemd[1]: Starting Journal Service...
         Starting Journal Service...
[   13.007100] systemd[1]: Starting Nameserver information manager...
         Starting Nameserver information manager...
[   13.029067] systemd[1]: Starting Uncomplicated firewall...
         Starting Uncomplicated firewall...
[   13.060337] systemd[1]: Starting Remount Root and Kernel File Systems...
[   13.063934] EXT4-fs (sda1): re-mounted. Opts: (null)
         Starting Remount Root and Kernel File Systems...
[   13.136949] systemd[1]: Starting Monitoring of LVM2 mirrors, snapshots etc. using dmeventd or progress polling...
         Starting Monitoring of LVM2 mirrors... dmeventd or progress polling...
[   13.190368] systemd[1]: Set up automount Arbitrary Executable File Formats File System Automount Point.
[[0;32m  OK  [0m] Set up automount Arbitrary Executab...ats File System Automount Point.
[   13.241642] systemd[1]: Listening on /dev/initctl Compatibility Named Pipe.
[[0;32m  OK  [0m] Listening on /dev/initctl Compatibility Named Pipe.
[   13.345849] systemd[1]: Mounted Debug File System.
[[0;32m  OK  [0m] Mounted Debug File System.
[   13.404991] systemd[1]: Mounted POSIX Message Queue File System.
[[0;32m  OK  [0m] Mounted POSIX Message Queue File System.
[   13.452870] systemd[1]: Mounted Huge Pages File System.
[[0;32m  OK  [0m] Mounted Huge Pages File System.
[   13.473186] systemd[1]: Started Journal Service.
[[0;32m  OK  [0m] Started Journal Service.
[[0;32m  OK  [0m] Started Load Kernel Modules.
[[0;32m  OK  [0m] Started Set console keymap.
[[0;32m  OK  [0m] Started Create list of required sta...ce nodes for the current kernel.
[[0;32m  OK  [0[   13.566797] random: nonblocking pool is initialized
m] Started Uncomplicated firewall.
[[0;32m  OK  [0m] Started Remount Root and Kernel File Systems.
[[0;32m  OK  [0m] Started Nameserver information manager.
[[0;32m  OK  [0m] Started LVM2 metadata daemon.
         Starting udev Coldplug all Devices...
         Starting Initial cloud-init job (pre-networking)...
         Starting Load/Save Random Seed...
         Starting Create Static Device Nodes in /dev...
         Mounting FUSE Control File System...
         Starting Apply Kernel Variables...
         Starting Flush Journal to Persistent Storage...
[[0;32m  OK  [0m] Mounted FUSE Control File System.
[[0;32m  OK  [0m] Started Load/Save Random Seed.
[[0;32m  OK  [0m] Started Create Static Device Nodes in /dev.
[[0;32m  OK  [0m] Started Apply Kernel Variables.
[[0;32m  OK  [0m] Started udev Coldplug all Devices.
[[0;32m  OK  [0m] Started Flush Journal to Persistent Storage.
         Starting udev Kernel Device Manager...
[[0;32m  OK  [0m] Started udev Kernel Device Manager.
[[0;32m  OK  [0m] Started Dispatch Password Requests to Console Directory Watch.
[[0;32m  OK  [0m] Started Monitoring of LVM2 mirrors,...ng dmeventd or progress polling.
[[0;32m  OK  [0m] Reached target Local File Systems (Pre).
[[0;32m  OK  [0m] Reached target Local File Systems.
         Starting Set console font and keymap...
         Starting LSB: AppArmor initialization...
         Starting Commit a transient machine-id on disk...
         Starting Tell Plymouth To Write Out Runtime Data...
[   13.168735] cloud-init[448]: Cloud-init v. 0.7.9 running 'init-local' at Sun, 09 Jul 2017 10:29:41 +0000. Up 12.75 seconds.
         Starting Create Volatile Files and Directories...
[[0;1;31mFAILED[0m] Failed to start Set console font and keymap.
See 'systemctl status console-setup.service' for details.
[[0;32m  OK  [0m] Started Commit a transient machine-id on disk.
[[0;32m  OK  [0m] Started Tell Plymouth To Write Out Runtime Data.
[[0;32m  OK  [0m] Started Create Volatile Files and Directories.
[[0;32m  OK  [0m] Started Initial cloud-init job (pre-networking).
[[0;32m  OK  [0m] Found device /dev/ttyS0.
[[0;32m  OK  [0m] Listening on Load/Save RF Kill Switch Status /dev/rfkill Watch.
[[0;32m  OK  [0m] Reached target Network (Pre).
         Starting Update UTMP about System Boot/Shutdown...
[[0;32m  OK  [0m] Reached target System Time Synchronized.
[[0;32m  OK  [0m] Created slice system-getty.slice.
[[0;32m  OK  [0m] Started Update UTMP about System Boot/Shutdown.
[[0;32m  OK  [0m] Started LSB: AppArmor initialization.
         Starting Raise network interfaces...
[[0;32m  OK  [0m] Started Raise network interfaces.
[[0;32m  OK  [0m] Reached target Network.
         Starting Initial cloud-init job (metadata service crawler)...
[   16.910649] cloud-init[903]: Cloud-init v. 0.7.9 running 'init' at Sun, 09 Jul 2017 10:29:44 +0000. Up 16.26 seconds.
[   16.940770] cloud-init[903]: ci-info: +++++++++++++++++++++++++++++++++++++Net device info++++++++++++++++++++++++++++++++++++++
[   16.988570] cloud-init[903]: ci-info: +--------+------+----------------------------+---------------+-------+-------------------+
[   16.988847] cloud-init[903]: ci-info: | Device |  Up  |          Address           |      Mask     | Scope |     Hw-Address    |
[[0;32m  OK  [0m] Started Initial cloud-init job (metadata service crawler).
[   16.989097] cloud-init[903]: ci-info: +--------+------+----------------------------+---------------+-------+-------------------+
[   17.156456] cloud-init[903]: ci-info: |   lo   | True |         127.0.0.1          |   255.0.0.0   |   .   |         .         |
[   17.156890] cloud-init[903]: ci-info: |   lo   | True |          ::1/128           |       .       |  host |         .         |
[[0;32m  OK  [0m] Reached target System Initialization.
[[   17.157028] cloud-init[903]: ci-info: | enp0s3 | True |         10.0.2.15          | 255.255.255.0 |   .   | 02:50:9e:45:53:0d |
[   17.277839] cloud-init[903]: ci-info: | enp0s3 | True | fe80::50:9eff:fe45:530d/64 |       .       |  link | 02:50:9e:45:53:0d |
[0;32m  OK  [0m] Listening on UUID daemon activation socket.
[[   17.278031] cloud-init[903]: ci-info: +--------+------+----------------------------+---------------+-------+-------------------+
[   17.396476] cloud-init[903]: ci-info: +++++++++++++++++++++++++++Route IPv4 info++++++++++++++++++++++++++++
[0;32m  OK  [0m] Started Timer to automatically refresh installed snaps.
[   17.396709] cloud-init[903]: ci-info: +-------+-------------+----------+---------------+-----------+-------+
[   17.518415] cloud-init[903]: ci-info: | Route | Destination | Gateway  |    Genmask    | Interface | Flags |
[   17.518941] cloud-init[903]: ci-info: +-------+-------------+----------+---------------+-----------+-------+
[   17.519230] cloud-init[903]: ci-info: |   0   |   0.0.0.0   | 10.0.2.2 |    0.0.0.0    |   enp0s3  |   UG  |
[   17.519512] cloud-init[903]: ci-info: |   1   |   10.0.2.0  | 0.0.0.0  | 255.255.255.0 |   enp0s3  |   U   |
[   17.519783] cloud-init[903]: ci-info: +-------+-------------+----------+---------------+-----------+-------+
[   17.520225] cloud-init[903]: Generating public/private rsa key pair.
[   17.520355] cloud-init[903]: Your identification has been saved in /etc/ssh/ssh_host_rsa_key.
[   17.520635] cloud-init[903]: Your public key has been saved in /etc/ssh/ssh_host_rsa_key.pub.
[   17.520928] cloud-init[903]: The key fingerprint is:
[   17.521266] cloud-init[903]: SHA256:CkkQ+PCUZJAXJhd2Le6cVu2k9NfJkwOZrGNYCXNa4Zg root@ubuntu-xenial
[[0;32m  OK  [0m] Started ACPI Events Check.
[   17.521490] cloud-init[903]: The key's randomart image is:
[   17.727524] cloud-init[903]: +---[RSA 2048]----+
[[0;32m  OK  [0m] Reached target Paths.
[   17.727778] cloud-init[903]: |o=@=..  ..       |
         Starting Socket activation for snappy daemon.
[   17.778220] cloud-init[903]: |+*+o. ++o        |
[   17.810798] cloud-init[903]: | * ...EB.o o     |
[[0;32m  OK  [0m] Started Daily apt activities.
[   17.811168] cloud-init[903]: |  o...+ = =      |
[   17.871600] cloud-init[903]: |   oo+ BS. + o   |
[[0;32m  OK  [0m] Listening on ACPID Listen Socket.
[   17.871866] cloud-init[903]: |    =.o.* . B    |
[   17.880122] cloud-init[903]: |   .  .. o   o   |
[   17.880607] cloud-init[903]: |                 |
         Starting LXD - unix socket.
[   17.880828] cloud-init[903]: |                 |
[   17.937169] cloud-init[903]: +----[SHA256]-----+
[[0;32m  OK  [0m] Started Daily Cleanup of Temporary Directories.
[[   17.937469] cloud-init[903]: Generating public/private dsa key pair.
[   18.001573] cloud-init[903]: Your identification has been saved in /etc/ssh/ssh_host_dsa_key.
[0;32m  OK  [0m] Reached target Timers.
[   18.001739] cloud-init[903]: Your public key has been saved in /etc/ssh/ssh_host_dsa_key.pub.
[   18.121203] cloud-init[903]: The key fingerprint is:
[[0;32m  OK  [0m] Listening on D-Bus System Message Bus Socket.
[   18.121467] cloud-init[903]: SHA256:TYEomeXhhu5vwbewR2SIDQqdbAUiBnDRgpCJuNAubxM root@ubuntu-xenial
[   18.167259] cloud-init[903]: The key's randomart image is:
[[0;32m  OK  [0m] Reached target Network is Online.
[   18.167472] cloud-init[903]: +---[DSA 1024]----+
[   18.272422] cloud-init[903]: |%O+*.+o. ..      |
[   18.273018] cloud-init[903]: |@oB *+...  .     |
         Starting iSCSI initiator daemon (iscsid)...
[   18.273305] cloud-init[903]: |.= o.=+.  .      |
[   18.279399] cloud-init[903]: |o E...o oo       |
[   18.279616] cloud-init[903]: | o ... oS .      |
[   18.279866] cloud-init[903]: |  +.  + o        |
[   18.280125] cloud-init[903]: | . ..  * .       |
[[0;32m  OK  [0m] Reached target Cloud-config availability.
[   18.280463] cloud-init[903]: |     .o o        |
[   18.288982] cloud-init[903]: |     ...         |
[   18.290971] cloud-init[903]: +----[SHA256]-----+
[   18.291580] cloud-init[903]: Generating public/private ecdsa key pair.
[[0;32m  OK  [0m] Listening on Socket activation for snappy daemon.
[   18.291840] cloud-init[903]: Your identification has been saved in /etc/ssh/ssh_host_ecdsa_key.
[   18.313104] cloud-init[903]: Your public key has been saved in /etc/ssh/ssh_host_ecdsa_key.pub.
[[0;32m  OK  [0m] Listening on LXD - unix socket.
[   18.313376] cloud-init[903]: The key fingerprint is:
[   18.387530] cloud-init[903]: SHA256:EpMTBTlMbcmKP9yBIqo1e099lfzplBHT/BUXMTaP0I0 root@ubuntu-xenial
[   18.416614] cloud-init[903]: The key's randomart image is:
[   18.420278] [cloud-init[0;32m  OK  [0m[903]: ] +---[ECDSA 256]---+Started iSCSI initiator daemon (iscsid).

[   18.421151] cloud-init[903]: |     o+*..  .. X+|
[   18.429277] cloud-init[903]: |      +o=    .E+B|
[   18.468593]          cloud-initStarting Login to default iSCSI targets...[903]: 
|     .==      + =|
[   18.517246] [cloud-init[0;32m  OK  [0m[903]: ] |  . o o+.  . . oo|Reached target Sockets.

[   18.518109] [[0;32m  OK  [0m] Reached target Basic System.
cloud-init[903]: | . . +..S.  + . .|
[   18.572837]          cloud-initStarting LSB: MD monitoring daemon...[903]: 
|. o   +o.  . . + |
[   18.608573] [cloud-init[0;32m  OK  [0m[903]: ] |.. o  ... .   =  |Started ACPI event daemon.

[   18.660815]          cloud-initStarting /etc/rc.local Compatibility...[903]: 
|. . ..   .   o   |
[   18.666015] cloud-init[903]: |   . ..       .  |
[   18.676491] [cloud-init[0;32m  OK  [0m[903]: ] +----[SHA256]-----+Started Deferred execution scheduler.

[   18.713500]          cloud-initStarting Pollinate to seed the pseudo random number generator...[903]: 
Generating public/private ed25519 key pair.
[   18.800619] cloud-init[903]: Your identification has been saved in /etc/ssh/ssh_host_ed25519_key.
         Starting LXD - container startup/shutdown...
[   18.827416] cloud-init[903]: Your public key has been saved in /etc/ssh/ssh_host_ed25519_key.pub.
[   18.864637] cloud-init[903]: The key fingerprint is:
[   18.865091] cloud-init[903]: SHA256:TrVak/s5wj6+t5NbPtMZEnrFc+/q0wt1nfczqg5aMZM root@ubuntu-xenial
[[0;32m  OK  [0m] Started Snappy daemon.
[   18.865431] cloud-init[903]: The key's randomart image is:
[   18.928630] cloud-init[903]: +--[ED25519 256]--+
[   18.929362] cloud-init[903]: |                 |
[[0;32m  OK  [0m] Started FUSE filesystem for LXC.
[   18.929575] cloud-init[903]: |                 |
[   18.967198] cloud-init[903]: |          .   .  |
[   18.970563] cloud-init[903]: |         ..o . ++|
[[0;32m  OK  [0m[   18.978306] ] cloud-initStarted Regular background program processing daemon.[903]: 
|        SE= . ooB|
         Starting Login Service...[   19.016360] cloud-init[903]: |       o o++ o..=|
[   19.016476] cloud-init[903]: |        o+. .oo*+|
[   19.016592] cloud-init[903]: |        o =.=+*.*|
[   19.017225] cloud-init[903]: |       . o=B*B+*.|
[   19.017331] cloud-init[903]: +----[SHA256]-----+

         Starting Accounts Service...
         Starting LSB: Record successful boot for GRUB...
[[0;32m  OK  [0m] Started Unattended Upgrades Shutdown.
[[0;32m  OK  [0m] Started D-Bus System Message Bus.
         Starting System Logging Service...
         Starting Apply the settings specified in cloud-config...
         Starting Auto import assertions from block devices...
[[0;32m  OK  [0m] Started System Logging Service.
[[0;32m  OK  [0m] Started /etc/rc.local Compatibility.
[[0;32m  OK  [0m] Started Pollinate to seed the pseudo random number generator.
[[0;32m  OK  [0m] Started LXD - container startup/shutdown.
[[0;32m  OK  [0m] Started Auto import assertions from block devices.
[[0;32m  OK  [0m] Started Login to default iSCSI targets.
[[0;32m  OK  [0m] Started LSB: MD monitoring daemon.
[[0;32m  OK  [0m] Started LSB: Record successful boot for GRUB.
[[0;32m  OK  [0m] Started Login Service.
         Starting Authenticate and Authorize Users to Run Privileged Tasks...
[[0;32m  OK  [0m] Reached target Remote File Systems (Pre).
[[0;32m  OK  [0m] Reached target Remote File Systems.
         Starting LSB: automatic crash report generation...
         Starting LSB: daemon to balance interrupts for SMP systems...
         Starting LSB: VirtualBox Linux Additions...
         Starting LSB: Set the CPU Frequency Scaling governor to "ondemand"...
         Starting Permit User Sessions...
         Starting OpenBSD Secure Shell server...
[[0;32m  OK  [0m] Started Permit User Sessions.
[[0;32m  OK  [0m] Started OpenBSD Secure Shell server.
[[0;32m  OK  [0m] Started Authenticate and Authorize Users to Run Privileged Tasks.
[[0;32m  OK  [0m] Started Accounts Service.
         Starting Terminate Plymouth Boot Screen...
         Starting Hold until boot process finishes up...
[[0;32m  OK  [0m] Started LSB: daemon to balance interrupts for SMP systems.
[[0;32m  OK  [0m] Started LSB: Set the CPU Frequency Scaling governor to "ondemand".
[[0;32m  OK  [0m] Started LSB: automatic crash report generation.
[[0;32m  OK  [0m] Started Terminate Plymouth Boot Screen.
[[0;32m  OK  [0m] Started Hold until boot process finishes up.
[[0;32m  OK  [0m] Started Serial Getty on ttyS0.
[[0;32m  OK  [0m] Started Getty on tty1.
[[0;32m  OK  [0m] Reached target Login Prompts.
         Starting Set console scheme...
[[0;32m  OK  [0m] Started LSB: VirtualBox Linux Additions.
[[0;32m  OK  [0m] Started Set console scheme.
[[0;32m  OK  [0m] Reached target Multi-User System.
[[0;32m  OK  [0m] Reached target Graphical Interface.
         Starting Update UTMP about System Runlevel Changes...
[[0;32m  OK  [0m] Started Update UTMP about System Runlevel Changes.
[   20.187540] cloud-init[1094]: Generating locales (this might take a while)...
[   21.625757] cloud-init[1094]:   en_US.UTF-8... done
[   21.660824] cloud-init[1094]: Generation complete.
         Stopping OpenBSD Secure Shell server...
[[0;32m  OK  [0m] Stopped OpenBSD Secure Shell server.
         Starting OpenBSD Secure Shell server...
[[0;32m  OK  [0m] Started OpenBSD Secure Shell server.
[[0;32m  OK  [0m] Created slice User Slice of ubuntu.
         Starting User Manager for UID 1000...
[[0;32m  OK  [0m] Started Session 1 of user ubuntu.
[[0;32m  OK  [0m] Started User Manager for UID 1000.
[   22.181323] cloud-init[1094]: Cloud-init v. 0.7.9 running 'modules:config' at Sun, 09 Jul 2017 10:29:48 +0000. Up 20.00 seconds.
[[0;32m  OK  [0m] Started Apply the settings specified in cloud-config.
         Starting Execute cloud user/final scripts...
ci-info: no authorized ssh keys fingerprints found for user ubuntu.
<14>Jul  9 10:29:51 ec2: 
<14>Jul  9 10:29:51 ec2: #############################################################
<14>Jul  9 10:29:51 ec2: -----BEGIN SSH HOST KEY FINGERPRINTS-----
<14>Jul  9 10:29:51 ec2: 1024 SHA256:TYEomeXhhu5vwbewR2SIDQqdbAUiBnDRgpCJuNAubxM root@ubuntu-xenial (DSA)
<14>Jul  9 10:29:51 ec2: 256 SHA256:EpMTBTlMbcmKP9yBIqo1e099lfzplBHT/BUXMTaP0I0 root@ubuntu-xenial (ECDSA)
<14>Jul  9 10:29:51 ec2: 256 SHA256:TrVak/s5wj6+t5NbPtMZEnrFc+/q0wt1nfczqg5aMZM root@ubuntu-xenial (ED25519)
<14>Jul  9 10:29:51 ec2: 2048 SHA256:CkkQ+PCUZJAXJhd2Le6cVu2k9NfJkwOZrGNYCXNa4Zg root@ubuntu-xenial (RSA)
<14>Jul  9 10:29:51 ec2: -----END SSH HOST KEY FINGERPRINTS-----
<14>Jul  9 10:29:51 ec2: #############################################################
-----BEGIN SSH HOST KEY KEYS-----
ecdsa-sha2-nistp256 AAAAE2VjZHNhLXNoYTItbmlzdHAyNTYAAAAIbmlzdHAyNTYAAABBBEHXaK6nbjcKswa+RCGTYCfPqFTZQS1LnK5eqKbEun+lxO3X6bSyKeSyYJ35lQ90q0O7BdF2AbTJDzXh10muF/Y= root@ubuntu-xenial
ssh-ed25519 AAAAC3NzaC1lZDI1NTE5AAAAIPFSmOeXAEpppISH44Sh1/eMLbHBRjrgJwTuNbN5/0iU root@ubuntu-xenial
ssh-rsa AAAAB3NzaC1yc2EAAAADAQABAAABAQDb3qy9TrkWoEf9BRsD29feK6tf8aDMPELTPviYpX10e5ZcA62y9D56JVDX/eRaZyCyHXJz26MreqK4DVKbGow/HPlYrJat1p1742FjlnbZzmoQqsSqyDLCRReRQxsxgzWCrGNuWcHF0bv1UbEvwl9CiFTofpK7BXMX0vaEilUV24mMcki4b7zTlBClWlL0FBKrCzklJJAoJJqBjLfPndFg5rzUW0HATSV7UlsNZGFVjG7+mPPK3s1//xtdKLzMFIInnFA/iyohivXdg+IbKMViS3ztnYPDFytBr38Xm/1vq9X6Rof2is3YDFCBoy2Hj5guJ7T/saO/bKNu9h/V/IKX root@ubuntu-xenial
-----END SSH HOST KEY KEYS-----
[   23.434718] cloud-init[1306]: Cloud-init v. 0.7.9 running 'modules:final' at Sun, 09 Jul 2017 10:29:51 +0000. Up 22.73 seconds.
[   23.485870] cloud-init[1306]: ci-info: no authorized ssh keys fingerprints found for user ubuntu.
[   23.490513] cloud-init[1306]: Cloud-init v. 0.7.9 finished at Sun, 09 Jul 2017 10:29:52 +0000. Datasource DataSourceNoCloud [seed=/dev/sdb][dsmode=net].  Up 23.42 seconds
[[0;32m  OK  [0m] Started Execute cloud user/final scripts.
[[0;32m  OK  [0m] Reached target Cloud-init target.

Ubuntu 16.04.2 LTS ubuntu-xenial ttyS0

ubuntu-xenial login: 